<?xml version="1.0" encoding="UTF-8"?>
<coverage generated="1771065433715" clover="3.2.0">
  <project timestamp="1771065433715" name="All files">
    <metrics statements="618" coveredstatements="522" conditionals="506" coveredconditionals="336" methods="122" coveredmethods="115" elements="1246" coveredelements="973" complexity="0" loc="618" ncloc="618" packages="35" files="50" classes="50"/>
    <package name="apps.web.src.__tests__.helpers">
      <metrics statements="12" coveredstatements="9" conditionals="11" coveredconditionals="7" methods="3" coveredmethods="2"/>
      <file name="mock-supabase.ts" path="/Users/kennethphang/Projects/WriteRight-SG/apps/web/src/__tests__/helpers/mock-supabase.ts">
        <metrics statements="12" coveredstatements="9" conditionals="11" coveredconditionals="7" methods="3" coveredmethods="2"/>
        <line num="17" count="34" type="stmt"/>
        <line num="18" count="34" type="cond" truecount="4" falsecount="0"/>
        <line num="20" count="34" type="stmt"/>
        <line num="21" count="306" type="stmt"/>
        <line num="23" count="34" type="stmt"/>
        <line num="26" count="34" type="stmt"/>
        <line num="27" count="34" type="stmt"/>
        <line num="31" count="7" type="stmt"/>
        <line num="33" count="7" type="stmt"/>
        <line num="40" count="0" type="cond" truecount="0" falsecount="2"/>
        <line num="41" count="0" type="cond" truecount="0" falsecount="2"/>
        <line num="42" count="0" type="stmt"/>
      </file>
    </package>
    <package name="apps.web.src.app.api.v1.achievements.[studentId]">
      <metrics statements="6" coveredstatements="6" conditionals="4" coveredconditionals="3" methods="1" coveredmethods="1"/>
      <file name="route.ts" path="/Users/kennethphang/Projects/WriteRight-SG/apps/web/src/app/api/v1/achievements/[studentId]/route.ts">
        <metrics statements="6" coveredstatements="6" conditionals="4" coveredconditionals="3" methods="1" coveredmethods="1"/>
        <line num="5" count="2" type="stmt"/>
        <line num="6" count="2" type="stmt"/>
        <line num="7" count="2" type="cond" truecount="2" falsecount="0"/>
        <line num="9" count="1" type="stmt"/>
        <line num="15" count="1" type="cond" truecount="1" falsecount="1"/>
        <line num="16" count="1" type="stmt"/>
      </file>
    </package>
    <package name="apps.web.src.app.api.v1.achievements.[studentId].next">
      <metrics statements="10" coveredstatements="10" conditionals="8" coveredconditionals="4" methods="2" coveredmethods="2"/>
      <file name="route.ts" path="/Users/kennethphang/Projects/WriteRight-SG/apps/web/src/app/api/v1/achievements/[studentId]/next/route.ts">
        <metrics statements="10" coveredstatements="10" conditionals="8" coveredconditionals="4" methods="2" coveredmethods="2"/>
        <line num="5" count="1" type="stmt"/>
        <line num="6" count="1" type="stmt"/>
        <line num="7" count="1" type="cond" truecount="1" falsecount="1"/>
        <line num="10" count="1" type="stmt"/>
        <line num="15" count="1" type="cond" truecount="1" falsecount="1"/>
        <line num="18" count="1" type="stmt"/>
        <line num="19" count="1" type="cond" truecount="1" falsecount="1"/>
        <line num="20" count="1" type="stmt"/>
        <line num="23" count="1" type="stmt"/>
        <line num="24" count="1" type="cond" truecount="1" falsecount="1"/>
      </file>
    </package>
    <package name="apps.web.src.app.api.v1.achievements.[studentId].streaks">
      <metrics statements="6" coveredstatements="6" conditionals="4" coveredconditionals="3" methods="1" coveredmethods="1"/>
      <file name="route.ts" path="/Users/kennethphang/Projects/WriteRight-SG/apps/web/src/app/api/v1/achievements/[studentId]/streaks/route.ts">
        <metrics statements="6" coveredstatements="6" conditionals="4" coveredconditionals="3" methods="1" coveredmethods="1"/>
        <line num="5" count="2" type="stmt"/>
        <line num="6" count="2" type="stmt"/>
        <line num="7" count="2" type="cond" truecount="1" falsecount="1"/>
        <line num="9" count="2" type="stmt"/>
        <line num="15" count="2" type="cond" truecount="2" falsecount="0"/>
        <line num="16" count="1" type="stmt"/>
      </file>
    </package>
    <package name="apps.web.src.app.api.v1.auth.login">
      <metrics statements="12" coveredstatements="10" conditionals="4" coveredconditionals="2" methods="1" coveredmethods="1"/>
      <file name="route.ts" path="/Users/kennethphang/Projects/WriteRight-SG/apps/web/src/app/api/v1/auth/login/route.ts">
        <metrics statements="12" coveredstatements="10" conditionals="4" coveredconditionals="2" methods="1" coveredmethods="1"/>
        <line num="5" count="1" type="stmt"/>
        <line num="11" count="3" type="stmt"/>
        <line num="12" count="3" type="stmt"/>
        <line num="13" count="3" type="stmt"/>
        <line num="15" count="3" type="stmt"/>
        <line num="16" count="3" type="stmt"/>
        <line num="18" count="1" type="cond" truecount="1" falsecount="1"/>
        <line num="19" count="1" type="stmt"/>
        <line num="22" count="0" type="stmt"/>
        <line num="24" count="2" type="cond" truecount="1" falsecount="1"/>
        <line num="25" count="2" type="stmt"/>
        <line num="27" count="0" type="stmt"/>
      </file>
    </package>
    <package name="apps.web.src.app.api.v1.auth.register">
      <metrics statements="14" coveredstatements="13" conditionals="6" coveredconditionals="4" methods="1" coveredmethods="1"/>
      <file name="route.ts" path="/Users/kennethphang/Projects/WriteRight-SG/apps/web/src/app/api/v1/auth/register/route.ts">
        <metrics statements="14" coveredstatements="13" conditionals="6" coveredconditionals="4" methods="1" coveredmethods="1"/>
        <line num="5" count="6" type="stmt"/>
        <line num="13" count="6" type="stmt"/>
        <line num="14" count="6" type="stmt"/>
        <line num="15" count="6" type="stmt"/>
        <line num="17" count="6" type="stmt"/>
        <line num="18" count="6" type="stmt"/>
        <line num="26" count="2" type="cond" truecount="2" falsecount="0"/>
        <line num="27" count="1" type="stmt"/>
        <line num="31" count="1" type="cond" truecount="1" falsecount="1"/>
        <line num="32" count="1" type="stmt"/>
        <line num="41" count="1" type="stmt"/>
        <line num="43" count="4" type="cond" truecount="1" falsecount="1"/>
        <line num="44" count="4" type="stmt"/>
        <line num="46" count="0" type="stmt"/>
      </file>
    </package>
    <package name="apps.web.src.app.api.v1.billing.cancel">
      <metrics statements="10" coveredstatements="7" conditionals="4" coveredconditionals="3" methods="1" coveredmethods="1"/>
      <file name="route.ts" path="/Users/kennethphang/Projects/WriteRight-SG/apps/web/src/app/api/v1/billing/cancel/route.ts">
        <metrics statements="10" coveredstatements="7" conditionals="4" coveredconditionals="3" methods="1" coveredmethods="1"/>
        <line num="5" count="1" type="stmt"/>
        <line num="8" count="2" type="stmt"/>
        <line num="9" count="2" type="stmt"/>
        <line num="10" count="2" type="cond" truecount="2" falsecount="0"/>
        <line num="12" count="1" type="stmt"/>
        <line num="19" count="1" type="cond" truecount="1" falsecount="1"/>
        <line num="20" count="1" type="stmt"/>
        <line num="23" count="0" type="stmt"/>
        <line num="24" count="0" type="stmt"/>
        <line num="26" count="0" type="stmt"/>
      </file>
    </package>
    <package name="apps.web.src.app.api.v1.billing.subscribe">
      <metrics statements="17" coveredstatements="10" conditionals="8" coveredconditionals="4" methods="1" coveredmethods="1"/>
      <file name="route.ts" path="/Users/kennethphang/Projects/WriteRight-SG/apps/web/src/app/api/v1/billing/subscribe/route.ts">
        <metrics statements="17" coveredstatements="10" conditionals="8" coveredconditionals="4" methods="1" coveredmethods="1"/>
        <line num="5" count="1" type="stmt"/>
        <line num="7" count="1" type="stmt"/>
        <line num="13" count="2" type="stmt"/>
        <line num="14" count="2" type="stmt"/>
        <line num="15" count="2" type="cond" truecount="2" falsecount="0"/>
        <line num="17" count="1" type="stmt"/>
        <line num="18" count="1" type="stmt"/>
        <line num="19" count="1" type="stmt"/>
        <line num="20" count="1" type="cond" truecount="1" falsecount="1"/>
        <line num="23" count="0" type="stmt"/>
        <line num="24" count="0" type="stmt"/>
        <line num="26" count="2" type="cond" truecount="1" falsecount="1"/>
        <line num="27" count="0" type="cond" truecount="0" falsecount="2"/>
        <line num="28" count="0" type="stmt"/>
        <line num="29" count="0" type="stmt"/>
        <line num="32" count="0" type="stmt"/>
        <line num="41" count="0" type="stmt"/>
      </file>
    </package>
    <package name="apps.web.src.app.api.v1.billing.usage">
      <metrics statements="10" coveredstatements="10" conditionals="10" coveredconditionals="6" methods="1" coveredmethods="1"/>
      <file name="route.ts" path="/Users/kennethphang/Projects/WriteRight-SG/apps/web/src/app/api/v1/billing/usage/route.ts">
        <metrics statements="10" coveredstatements="10" conditionals="10" coveredconditionals="6" methods="1" coveredmethods="1"/>
        <line num="5" count="2" type="stmt"/>
        <line num="6" count="2" type="stmt"/>
        <line num="7" count="2" type="cond" truecount="2" falsecount="0"/>
        <line num="9" count="1" type="stmt"/>
        <line num="10" count="1" type="cond" truecount="1" falsecount="1"/>
        <line num="12" count="2" type="stmt"/>
        <line num="14" count="2" type="stmt"/>
        <line num="19" count="1" type="stmt"/>
        <line num="24" count="1" type="cond" truecount="1" falsecount="1"/>
        <line num="28" count="2" type="stmt"/>
      </file>
    </package>
    <package name="apps.web.src.app.api.v1.drafts">
      <metrics statements="27" coveredstatements="11" conditionals="16" coveredconditionals="4" methods="2" coveredmethods="1"/>
      <file name="route.ts" path="/Users/kennethphang/Projects/WriteRight-SG/apps/web/src/app/api/v1/drafts/route.ts">
        <metrics statements="27" coveredstatements="11" conditionals="16" coveredconditionals="4" methods="2" coveredmethods="1"/>
        <line num="5" count="1" type="stmt"/>
        <line num="13" count="3" type="stmt"/>
        <line num="14" count="3" type="stmt"/>
        <line num="15" count="3" type="cond" truecount="2" falsecount="0"/>
        <line num="17" count="2" type="stmt"/>
        <line num="18" count="2" type="stmt"/>
        <line num="19" count="2" type="stmt"/>
        <line num="22" count="2" type="stmt"/>
        <line num="28" count="1" type="cond" truecount="1" falsecount="1"/>
        <line num="30" count="0" type="stmt"/>
        <line num="45" count="0" type="cond" truecount="0" falsecount="2"/>
        <line num="48" count="0" type="stmt"/>
        <line num="56" count="0" type="stmt"/>
        <line num="58" count="1" type="cond" truecount="1" falsecount="1"/>
        <line num="59" count="1" type="stmt"/>
        <line num="61" count="0" type="stmt"/>
        <line num="66" count="0" type="stmt"/>
        <line num="67" count="0" type="stmt"/>
        <line num="68" count="0" type="cond" truecount="0" falsecount="2"/>
        <line num="70" count="0" type="stmt"/>
        <line num="76" count="0" type="cond" truecount="0" falsecount="2"/>
        <line num="78" count="0" type="stmt"/>
        <line num="79" count="0" type="stmt"/>
        <line num="85" count="0" type="cond" truecount="0" falsecount="2"/>
        <line num="87" count="0" type="stmt"/>
        <line num="88" count="0" type="cond" truecount="0" falsecount="2"/>
        <line num="90" count="0" type="stmt"/>
      </file>
    </package>
    <package name="apps.web.src.app.api.v1.drafts.[draftId]">
      <metrics statements="24" coveredstatements="6" conditionals="18" coveredconditionals="4" methods="2" coveredmethods="1"/>
      <file name="route.ts" path="/Users/kennethphang/Projects/WriteRight-SG/apps/web/src/app/api/v1/drafts/[draftId]/route.ts">
        <metrics statements="24" coveredstatements="6" conditionals="18" coveredconditionals="4" methods="2" coveredmethods="1"/>
        <line num="5" count="1" type="stmt"/>
        <line num="16" count="2" type="stmt"/>
        <line num="17" count="2" type="stmt"/>
        <line num="18" count="2" type="cond" truecount="2" falsecount="0"/>
        <line num="20" count="1" type="stmt"/>
        <line num="26" count="1" type="cond" truecount="2" falsecount="2"/>
        <line num="27" count="0" type="stmt"/>
        <line num="31" count="0" type="stmt"/>
        <line num="32" count="0" type="stmt"/>
        <line num="33" count="0" type="cond" truecount="0" falsecount="2"/>
        <line num="35" count="0" type="stmt"/>
        <line num="36" count="0" type="stmt"/>
        <line num="37" count="0" type="stmt"/>
        <line num="40" count="0" type="stmt"/>
        <line num="47" count="0" type="cond" truecount="0" falsecount="2"/>
        <line num="50" count="0" type="cond" truecount="0" falsecount="2"/>
        <line num="51" count="0" type="stmt"/>
        <line num="59" count="0" type="cond" truecount="0" falsecount="2"/>
        <line num="61" count="0" type="stmt"/>
        <line num="69" count="0" type="stmt"/>
        <line num="72" count="0" type="stmt"/>
        <line num="74" count="0" type="cond" truecount="0" falsecount="2"/>
        <line num="75" count="0" type="stmt"/>
        <line num="77" count="0" type="stmt"/>
      </file>
    </package>
    <package name="apps.web.src.app.api.v1.drafts.[draftId].submit">
      <metrics statements="10" coveredstatements="6" conditionals="10" coveredconditionals="6" methods="1" coveredmethods="1"/>
      <file name="route.ts" path="/Users/kennethphang/Projects/WriteRight-SG/apps/web/src/app/api/v1/drafts/[draftId]/submit/route.ts">
        <metrics statements="10" coveredstatements="6" conditionals="10" coveredconditionals="6" methods="1" coveredmethods="1"/>
        <line num="5" count="2" type="stmt"/>
        <line num="6" count="2" type="stmt"/>
        <line num="7" count="2" type="cond" truecount="1" falsecount="1"/>
        <line num="10" count="2" type="stmt"/>
        <line num="16" count="2" type="cond" truecount="4" falsecount="0"/>
        <line num="17" count="1" type="cond" truecount="1" falsecount="1"/>
        <line num="20" count="0" type="stmt"/>
        <line num="26" count="0" type="stmt"/>
        <line num="39" count="0" type="cond" truecount="0" falsecount="2"/>
        <line num="41" count="0" type="stmt"/>
      </file>
    </package>
    <package name="apps.web.src.app.api.v1.drafts.[draftId].versions">
      <metrics statements="6" coveredstatements="6" conditionals="4" coveredconditionals="2" methods="1" coveredmethods="1"/>
      <file name="route.ts" path="/Users/kennethphang/Projects/WriteRight-SG/apps/web/src/app/api/v1/drafts/[draftId]/versions/route.ts">
        <metrics statements="6" coveredstatements="6" conditionals="4" coveredconditionals="2" methods="1" coveredmethods="1"/>
        <line num="5" count="1" type="stmt"/>
        <line num="6" count="1" type="stmt"/>
        <line num="7" count="1" type="cond" truecount="1" falsecount="1"/>
        <line num="9" count="1" type="stmt"/>
        <line num="15" count="1" type="cond" truecount="1" falsecount="1"/>
        <line num="16" count="1" type="stmt"/>
      </file>
    </package>
    <package name="apps.web.src.app.api.v1.redemptions.[id].acknowledge">
      <metrics statements="10" coveredstatements="10" conditionals="8" coveredconditionals="6" methods="1" coveredmethods="1"/>
      <file name="route.ts" path="/Users/kennethphang/Projects/WriteRight-SG/apps/web/src/app/api/v1/redemptions/[id]/acknowledge/route.ts">
        <metrics statements="10" coveredstatements="10" conditionals="8" coveredconditionals="6" methods="1" coveredmethods="1"/>
        <line num="5" count="3" type="stmt"/>
        <line num="6" count="3" type="stmt"/>
        <line num="7" count="3" type="cond" truecount="1" falsecount="1"/>
        <line num="9" count="3" type="stmt"/>
        <line num="15" count="3" type="cond" truecount="2" falsecount="0"/>
        <line num="17" count="2" type="cond" truecount="2" falsecount="0"/>
        <line num="18" count="1" type="stmt"/>
        <line num="20" count="1" type="stmt"/>
        <line num="27" count="1" type="cond" truecount="1" falsecount="1"/>
        <line num="28" count="1" type="stmt"/>
      </file>
    </package>
    <package name="apps.web.src.app.api.v1.redemptions.[id].confirm">
      <metrics statements="10" coveredstatements="7" conditionals="8" coveredconditionals="3" methods="1" coveredmethods="1"/>
      <file name="route.ts" path="/Users/kennethphang/Projects/WriteRight-SG/apps/web/src/app/api/v1/redemptions/[id]/confirm/route.ts">
        <metrics statements="10" coveredstatements="7" conditionals="8" coveredconditionals="3" methods="1" coveredmethods="1"/>
        <line num="5" count="1" type="stmt"/>
        <line num="6" count="1" type="stmt"/>
        <line num="7" count="1" type="cond" truecount="1" falsecount="1"/>
        <line num="9" count="1" type="stmt"/>
        <line num="15" count="1" type="cond" truecount="1" falsecount="1"/>
        <line num="17" count="1" type="cond" truecount="1" falsecount="1"/>
        <line num="18" count="1" type="stmt"/>
        <line num="20" count="0" type="stmt"/>
        <line num="27" count="0" type="cond" truecount="0" falsecount="2"/>
        <line num="28" count="0" type="stmt"/>
      </file>
    </package>
    <package name="apps.web.src.app.api.v1.redemptions.[id].fulfil">
      <metrics statements="12" coveredstatements="7" conditionals="10" coveredconditionals="3" methods="1" coveredmethods="1"/>
      <file name="route.ts" path="/Users/kennethphang/Projects/WriteRight-SG/apps/web/src/app/api/v1/redemptions/[id]/fulfil/route.ts">
        <metrics statements="12" coveredstatements="7" conditionals="10" coveredconditionals="3" methods="1" coveredmethods="1"/>
        <line num="5" count="1" type="stmt"/>
        <line num="6" count="1" type="stmt"/>
        <line num="7" count="1" type="cond" truecount="1" falsecount="1"/>
        <line num="9" count="1" type="stmt"/>
        <line num="15" count="1" type="cond" truecount="1" falsecount="1"/>
        <line num="17" count="1" type="cond" truecount="1" falsecount="1"/>
        <line num="18" count="1" type="stmt"/>
        <line num="20" count="0" type="stmt"/>
        <line num="26" count="0" type="cond" truecount="0" falsecount="2"/>
        <line num="27" count="0" type="stmt"/>
        <line num="30" count="0" type="cond" truecount="0" falsecount="2"/>
        <line num="31" count="0" type="stmt"/>
      </file>
    </package>
    <package name="apps.web.src.app.api.v1.redemptions.[id].nudge">
      <metrics statements="10" coveredstatements="7" conditionals="10" coveredconditionals="3" methods="1" coveredmethods="1"/>
      <file name="route.ts" path="/Users/kennethphang/Projects/WriteRight-SG/apps/web/src/app/api/v1/redemptions/[id]/nudge/route.ts">
        <metrics statements="10" coveredstatements="7" conditionals="10" coveredconditionals="3" methods="1" coveredmethods="1"/>
        <line num="5" count="1" type="stmt"/>
        <line num="6" count="1" type="stmt"/>
        <line num="7" count="1" type="cond" truecount="1" falsecount="1"/>
        <line num="9" count="1" type="stmt"/>
        <line num="15" count="1" type="cond" truecount="1" falsecount="1"/>
        <line num="17" count="1" type="cond" truecount="1" falsecount="1"/>
        <line num="18" count="1" type="stmt"/>
        <line num="21" count="0" type="stmt"/>
        <line num="26" count="0" type="cond" truecount="0" falsecount="4"/>
        <line num="27" count="0" type="stmt"/>
      </file>
    </package>
    <package name="apps.web.src.app.api.v1.redemptions.[id].reschedule">
      <metrics statements="11" coveredstatements="8" conditionals="8" coveredconditionals="3" methods="1" coveredmethods="1"/>
      <file name="route.ts" path="/Users/kennethphang/Projects/WriteRight-SG/apps/web/src/app/api/v1/redemptions/[id]/reschedule/route.ts">
        <metrics statements="11" coveredstatements="8" conditionals="8" coveredconditionals="3" methods="1" coveredmethods="1"/>
        <line num="5" count="1" type="stmt"/>
        <line num="6" count="1" type="stmt"/>
        <line num="7" count="1" type="cond" truecount="1" falsecount="1"/>
        <line num="9" count="1" type="stmt"/>
        <line num="15" count="1" type="cond" truecount="1" falsecount="1"/>
        <line num="17" count="1" type="stmt"/>
        <line num="18" count="1" type="stmt"/>
        <line num="19" count="1" type="cond" truecount="1" falsecount="1"/>
        <line num="20" count="0" type="stmt"/>
        <line num="27" count="0" type="cond" truecount="0" falsecount="2"/>
        <line num="28" count="0" type="stmt"/>
      </file>
    </package>
    <package name="apps.web.src.app.api.v1.redemptions.[id].withdraw">
      <metrics statements="10" coveredstatements="10" conditionals="8" coveredconditionals="4" methods="1" coveredmethods="1"/>
      <file name="route.ts" path="/Users/kennethphang/Projects/WriteRight-SG/apps/web/src/app/api/v1/redemptions/[id]/withdraw/route.ts">
        <metrics statements="10" coveredstatements="10" conditionals="8" coveredconditionals="4" methods="1" coveredmethods="1"/>
        <line num="5" count="1" type="stmt"/>
        <line num="6" count="1" type="stmt"/>
        <line num="7" count="1" type="cond" truecount="1" falsecount="1"/>
        <line num="9" count="1" type="stmt"/>
        <line num="15" count="1" type="cond" truecount="1" falsecount="1"/>
        <line num="17" count="1" type="stmt"/>
        <line num="23" count="1" type="cond" truecount="1" falsecount="1"/>
        <line num="24" count="1" type="stmt"/>
        <line num="27" count="1" type="cond" truecount="1" falsecount="1"/>
        <line num="28" count="1" type="stmt"/>
      </file>
    </package>
    <package name="apps.web.src.app.api.v1.submissions">
      <metrics statements="19" coveredstatements="19" conditionals="14" coveredconditionals="9" methods="2" coveredmethods="2"/>
      <file name="route.ts" path="/Users/kennethphang/Projects/WriteRight-SG/apps/web/src/app/api/v1/submissions/route.ts">
        <metrics statements="19" coveredstatements="19" conditionals="14" coveredconditionals="9" methods="2" coveredmethods="2"/>
        <line num="5" count="2" type="stmt"/>
        <line num="6" count="2" type="stmt"/>
        <line num="7" count="2" type="cond" truecount="2" falsecount="0"/>
        <line num="9" count="1" type="stmt"/>
        <line num="10" count="1" type="stmt"/>
        <line num="11" count="1" type="stmt"/>
        <line num="13" count="1" type="stmt"/>
        <line num="14" count="1" type="cond" truecount="1" falsecount="1"/>
        <line num="15" count="1" type="cond" truecount="1" falsecount="1"/>
        <line num="17" count="1" type="stmt"/>
        <line num="18" count="1" type="cond" truecount="1" falsecount="1"/>
        <line num="19" count="1" type="stmt"/>
        <line num="23" count="2" type="stmt"/>
        <line num="24" count="2" type="stmt"/>
        <line num="25" count="2" type="cond" truecount="2" falsecount="0"/>
        <line num="27" count="1" type="stmt"/>
        <line num="28" count="1" type="stmt"/>
        <line num="34" count="1" type="cond" truecount="1" falsecount="1"/>
        <line num="35" count="1" type="stmt"/>
      </file>
    </package>
    <package name="apps.web.src.app.api.v1.wishlist.items.[itemId].claim">
      <metrics statements="15" coveredstatements="7" conditionals="12" coveredconditionals="4" methods="1" coveredmethods="1"/>
      <file name="route.ts" path="/Users/kennethphang/Projects/WriteRight-SG/apps/web/src/app/api/v1/wishlist/items/[itemId]/claim/route.ts">
        <metrics statements="15" coveredstatements="7" conditionals="12" coveredconditionals="4" methods="1" coveredmethods="1"/>
        <line num="5" count="2" type="stmt"/>
        <line num="6" count="2" type="stmt"/>
        <line num="7" count="2" type="cond" truecount="1" falsecount="1"/>
        <line num="9" count="2" type="stmt"/>
        <line num="15" count="2" type="cond" truecount="2" falsecount="0"/>
        <line num="16" count="1" type="cond" truecount="1" falsecount="1"/>
        <line num="17" count="1" type="stmt"/>
        <line num="21" count="0" type="cond" truecount="0" falsecount="2"/>
        <line num="22" count="0" type="stmt"/>
        <line num="29" count="0" type="cond" truecount="0" falsecount="2"/>
        <line num="32" count="0" type="stmt"/>
        <line num="33" count="0" type="stmt"/>
        <line num="36" count="0" type="stmt"/>
        <line num="47" count="0" type="cond" truecount="0" falsecount="2"/>
        <line num="48" count="0" type="stmt"/>
      </file>
    </package>
    <package name="apps.web.src.app.api.v1.wishlist.students.[studentId]">
      <metrics statements="13" coveredstatements="13" conditionals="22" coveredconditionals="17" methods="2" coveredmethods="2"/>
      <file name="route.ts" path="/Users/kennethphang/Projects/WriteRight-SG/apps/web/src/app/api/v1/wishlist/students/[studentId]/route.ts">
        <metrics statements="13" coveredstatements="13" conditionals="22" coveredconditionals="17" methods="2" coveredmethods="2"/>
        <line num="5" count="2" type="stmt"/>
        <line num="6" count="2" type="stmt"/>
        <line num="7" count="2" type="cond" truecount="2" falsecount="0"/>
        <line num="9" count="1" type="stmt"/>
        <line num="15" count="1" type="cond" truecount="1" falsecount="1"/>
        <line num="16" count="1" type="stmt"/>
        <line num="20" count="1" type="stmt"/>
        <line num="21" count="1" type="stmt"/>
        <line num="22" count="1" type="cond" truecount="1" falsecount="1"/>
        <line num="24" count="1" type="stmt"/>
        <line num="25" count="1" type="stmt"/>
        <line num="37" count="1" type="cond" truecount="1" falsecount="1"/>
        <line num="38" count="1" type="stmt"/>
      </file>
    </package>
    <package name="apps.web.src.lib.utils">
      <metrics statements="30" coveredstatements="28" conditionals="26" coveredconditionals="22" methods="11" coveredmethods="11"/>
      <file name="format.ts" path="/Users/kennethphang/Projects/WriteRight-SG/apps/web/src/lib/utils/format.ts">
        <metrics statements="21" coveredstatements="19" conditionals="16" coveredconditionals="13" methods="7" coveredmethods="7"/>
        <line num="5" count="2" type="stmt"/>
        <line num="12" count="4" type="cond" truecount="2" falsecount="0"/>
        <line num="13" count="2" type="stmt"/>
        <line num="20" count="7" type="stmt"/>
        <line num="28" count="7" type="cond" truecount="2" falsecount="0"/>
        <line num="35" count="4" type="stmt"/>
        <line num="42" count="3" type="stmt"/>
        <line num="43" count="3" type="stmt"/>
        <line num="44" count="3" type="stmt"/>
        <line num="45" count="3" type="stmt"/>
        <line num="46" count="3" type="stmt"/>
        <line num="47" count="3" type="stmt"/>
        <line num="49" count="3" type="cond" truecount="2" falsecount="0"/>
        <line num="50" count="2" type="cond" truecount="2" falsecount="0"/>
        <line num="51" count="1" type="cond" truecount="1" falsecount="1"/>
        <line num="52" count="0" type="cond" truecount="0" falsecount="2"/>
        <line num="53" count="0" type="stmt"/>
        <line num="60" count="4" type="stmt"/>
        <line num="69" count="4" type="cond" truecount="2" falsecount="0"/>
        <line num="76" count="4" type="stmt"/>
        <line num="85" count="4" type="cond" truecount="2" falsecount="0"/>
      </file>
      <file name="roles.ts" path="/Users/kennethphang/Projects/WriteRight-SG/apps/web/src/lib/utils/roles.ts">
        <metrics statements="9" coveredstatements="9" conditionals="10" coveredconditionals="9" methods="4" coveredmethods="4"/>
        <line num="15" count="1" type="stmt"/>
        <line num="24" count="1" type="stmt"/>
        <line num="34" count="1" type="stmt"/>
        <line num="40" count="2" type="cond" truecount="1" falsecount="1"/>
        <line num="44" count="9" type="stmt"/>
        <line num="45" count="9" type="stmt"/>
        <line num="47" count="9" type="cond" truecount="4" falsecount="0"/>
        <line num="48" count="10" type="cond" truecount="4" falsecount="0"/>
        <line num="49" count="6" type="stmt"/>
      </file>
    </package>
    <package name="apps.web.src.lib.validators">
      <metrics statements="24" coveredstatements="24" conditionals="0" coveredconditionals="0" methods="0" coveredmethods="0"/>
      <file name="schemas.ts" path="/Users/kennethphang/Projects/WriteRight-SG/apps/web/src/lib/validators/schemas.ts">
        <metrics statements="24" coveredstatements="24" conditionals="0" coveredconditionals="0" methods="0" coveredmethods="0"/>
        <line num="4" count="2" type="stmt"/>
        <line num="20" count="2" type="stmt"/>
        <line num="30" count="2" type="stmt"/>
        <line num="46" count="2" type="stmt"/>
        <line num="47" count="2" type="stmt"/>
        <line num="52" count="2" type="stmt"/>
        <line num="67" count="2" type="stmt"/>
        <line num="80" count="2" type="stmt"/>
        <line num="85" count="2" type="stmt"/>
        <line num="99" count="2" type="stmt"/>
        <line num="107" count="2" type="stmt"/>
        <line num="113" count="2" type="stmt"/>
        <line num="133" count="2" type="stmt"/>
        <line num="146" count="2" type="stmt"/>
        <line num="158" count="2" type="stmt"/>
        <line num="167" count="2" type="stmt"/>
        <line num="176" count="2" type="stmt"/>
        <line num="180" count="2" type="stmt"/>
        <line num="198" count="2" type="stmt"/>
        <line num="203" count="2" type="stmt"/>
        <line num="219" count="2" type="stmt"/>
        <line num="229" count="2" type="stmt"/>
        <line num="237" count="2" type="stmt"/>
        <line num="241" count="2" type="stmt"/>
      </file>
    </package>
    <package name="packages.ai.src.achievements">
      <metrics statements="64" coveredstatements="64" conditionals="32" coveredconditionals="32" methods="19" coveredmethods="19"/>
      <file name="engine.ts" path="/Users/kennethphang/Projects/WriteRight-SG/packages/ai/src/achievements/engine.ts">
        <metrics statements="22" coveredstatements="22" conditionals="16" coveredconditionals="16" methods="4" coveredmethods="4"/>
        <line num="8" count="6" type="stmt"/>
        <line num="10" count="6" type="stmt"/>
        <line num="11" count="78" type="cond" truecount="2" falsecount="0"/>
        <line num="13" count="77" type="stmt"/>
        <line num="14" count="77" type="stmt"/>
        <line num="16" count="77" type="stmt"/>
        <line num="24" count="6" type="stmt"/>
        <line num="31" count="4" type="stmt"/>
        <line num="32" count="52" type="cond" truecount="2" falsecount="0"/>
        <line num="37" count="77" type="cond" truecount="12" falsecount="0"/>
        <line num="38" count="5" type="stmt"/>
        <line num="39" count="6" type="stmt"/>
        <line num="40" count="6" type="stmt"/>
        <line num="41" count="6" type="stmt"/>
        <line num="42" count="6" type="stmt"/>
        <line num="43" count="6" type="stmt"/>
        <line num="44" count="6" type="stmt"/>
        <line num="45" count="6" type="stmt"/>
        <line num="46" count="6" type="stmt"/>
        <line num="47" count="6" type="stmt"/>
        <line num="48" count="6" type="stmt"/>
        <line num="49" count="12" type="stmt"/>
      </file>
      <file name="rules.ts" path="/Users/kennethphang/Projects/WriteRight-SG/packages/ai/src/achievements/rules.ts">
        <metrics statements="14" coveredstatements="14" conditionals="6" coveredconditionals="6" methods="13" coveredmethods="13"/>
        <line num="24" count="2" type="stmt"/>
        <line num="27" count="10" type="stmt"/>
        <line num="29" count="12" type="stmt"/>
        <line num="31" count="12" type="stmt"/>
        <line num="33" count="12" type="stmt"/>
        <line num="37" count="12" type="stmt"/>
        <line num="39" count="12" type="stmt"/>
        <line num="43" count="12" type="stmt"/>
        <line num="45" count="12" type="stmt"/>
        <line num="47" count="12" type="stmt"/>
        <line num="51" count="12" type="cond" truecount="2" falsecount="0"/>
        <line num="53" count="11" type="cond" truecount="2" falsecount="0"/>
        <line num="55" count="10" type="cond" truecount="2" falsecount="0"/>
        <line num="59" count="10" type="stmt"/>
      </file>
      <file name="streak.ts" path="/Users/kennethphang/Projects/WriteRight-SG/packages/ai/src/achievements/streak.ts">
        <metrics statements="28" coveredstatements="28" conditionals="10" coveredconditionals="10" methods="2" coveredmethods="2"/>
        <line num="4" count="10" type="cond" truecount="2" falsecount="0"/>
        <line num="5" count="1" type="stmt"/>
        <line num="9" count="9" type="stmt"/>
        <line num="10" count="25" type="stmt"/>
        <line num="13" count="9" type="stmt"/>
        <line num="14" count="9" type="stmt"/>
        <line num="17" count="9" type="stmt"/>
        <line num="18" count="9" type="cond" truecount="2" falsecount="0"/>
        <line num="20" count="10" type="cond" truecount="2" falsecount="0"/>
        <line num="21" count="8" type="stmt"/>
        <line num="22" count="8" type="stmt"/>
        <line num="23" count="17" type="stmt"/>
        <line num="24" count="17" type="stmt"/>
        <line num="25" count="17" type="cond" truecount="2" falsecount="0"/>
        <line num="26" count="14" type="stmt"/>
        <line num="27" count="14" type="stmt"/>
        <line num="29" count="3" type="stmt"/>
        <line num="35" count="9" type="stmt"/>
        <line num="36" count="9" type="stmt"/>
        <line num="37" count="9" type="stmt"/>
        <line num="38" count="14" type="stmt"/>
        <line num="39" count="14" type="stmt"/>
        <line num="40" count="14" type="cond" truecount="2" falsecount="0"/>
        <line num="41" count="11" type="stmt"/>
        <line num="43" count="3" type="stmt"/>
        <line num="44" count="3" type="stmt"/>
        <line num="47" count="9" type="stmt"/>
        <line num="49" count="9" type="stmt"/>
      </file>
    </package>
    <package name="packages.ai.src.marking">
      <metrics statements="30" coveredstatements="30" conditionals="48" coveredconditionals="40" methods="5" coveredmethods="5"/>
      <file name="engine.ts" path="/Users/kennethphang/Projects/WriteRight-SG/packages/ai/src/marking/engine.ts">
        <metrics statements="11" coveredstatements="11" conditionals="26" coveredconditionals="18" methods="2" coveredmethods="2"/>
        <line num="19" count="3" type="cond" truecount="2" falsecount="0"/>
        <line num="23" count="3" type="cond" truecount="2" falsecount="0"/>
        <line num="24" count="3" type="stmt"/>
        <line num="34" count="3" type="stmt"/>
        <line num="35" count="3" type="stmt"/>
        <line num="40" count="3" type="stmt"/>
        <line num="41" count="3" type="stmt"/>
        <line num="43" count="1" type="stmt"/>
        <line num="46" count="2" type="stmt"/>
        <line num="61" count="3" type="stmt"/>
        <line num="62" count="3" type="stmt"/>
      </file>
      <file name="validator.ts" path="/Users/kennethphang/Projects/WriteRight-SG/packages/ai/src/marking/validator.ts">
        <metrics statements="19" coveredstatements="19" conditionals="22" coveredconditionals="22" methods="3" coveredmethods="3"/>
        <line num="6" count="14" type="cond" truecount="4" falsecount="0"/>
        <line num="7" count="2" type="stmt"/>
        <line num="11" count="12" type="cond" truecount="4" falsecount="0"/>
        <line num="12" count="2" type="stmt"/>
        <line num="16" count="10" type="cond" truecount="2" falsecount="0"/>
        <line num="17" count="1" type="stmt"/>
        <line num="20" count="9" type="stmt"/>
        <line num="21" count="41" type="stmt"/>
        <line num="22" count="21" type="cond" truecount="2" falsecount="0"/>
        <line num="23" count="1" type="stmt"/>
        <line num="25" count="20" type="cond" truecount="4" falsecount="0"/>
        <line num="26" count="2" type="stmt"/>
        <line num="31" count="18" type="stmt"/>
        <line num="32" count="6" type="cond" truecount="2" falsecount="0"/>
        <line num="33" count="1" type="stmt"/>
        <line num="37" count="5" type="cond" truecount="2" falsecount="0"/>
        <line num="38" count="1" type="stmt"/>
        <line num="40" count="4" type="cond" truecount="2" falsecount="0"/>
        <line num="41" count="1" type="stmt"/>
      </file>
    </package>
    <package name="packages.ai.src.marking.rubrics">
      <metrics statements="8" coveredstatements="8" conditionals="6" coveredconditionals="6" methods="2" coveredmethods="2"/>
      <file name="continuous.ts" path="/Users/kennethphang/Projects/WriteRight-SG/packages/ai/src/marking/rubrics/continuous.ts">
        <metrics statements="2" coveredstatements="2" conditionals="2" coveredconditionals="2" methods="1" coveredmethods="1"/>
        <line num="11" count="4" type="stmt"/>
        <line num="53" count="11" type="cond" truecount="2" falsecount="0"/>
      </file>
      <file name="situational.ts" path="/Users/kennethphang/Projects/WriteRight-SG/packages/ai/src/marking/rubrics/situational.ts">
        <metrics statements="6" coveredstatements="6" conditionals="4" coveredconditionals="4" methods="1" coveredmethods="1"/>
        <line num="15" count="4" type="stmt"/>
        <line num="56" count="4" type="stmt"/>
        <line num="65" count="16" type="stmt"/>
        <line num="66" count="16" type="cond" truecount="4" falsecount="0"/>
        <line num="67" count="6" type="stmt"/>
        <line num="69" count="16" type="stmt"/>
      </file>
    </package>
    <package name="packages.ai.src.ocr">
      <metrics statements="40" coveredstatements="28" conditionals="45" coveredconditionals="24" methods="7" coveredmethods="5"/>
      <file name="confidence.ts" path="/Users/kennethphang/Projects/WriteRight-SG/packages/ai/src/ocr/confidence.ts">
        <metrics statements="23" coveredstatements="23" conditionals="24" coveredconditionals="20" methods="4" coveredmethods="4"/>
        <line num="5" count="1" type="stmt"/>
        <line num="6" count="1" type="stmt"/>
        <line num="7" count="1" type="stmt"/>
        <line num="10" count="12" type="cond" truecount="4" falsecount="0"/>
        <line num="12" count="10" type="stmt"/>
        <line num="13" count="10" type="stmt"/>
        <line num="14" count="10" type="stmt"/>
        <line num="16" count="10" type="cond" truecount="1" falsecount="1"/>
        <line num="19" count="10" type="cond" truecount="2" falsecount="0"/>
        <line num="20" count="12" type="stmt"/>
        <line num="23" count="12" type="cond" truecount="2" falsecount="0"/>
        <line num="24" count="12" type="stmt"/>
        <line num="27" count="12" type="cond" truecount="2" falsecount="0"/>
        <line num="28" count="12" type="stmt"/>
        <line num="31" count="12" type="cond" truecount="2" falsecount="0"/>
        <line num="32" count="10" type="cond" truecount="2" falsecount="2"/>
        <line num="35" count="82" type="stmt"/>
        <line num="36" count="10" type="cond" truecount="1" falsecount="1"/>
        <line num="38" count="10" type="stmt"/>
        <line num="42" count="4" type="stmt"/>
        <line num="46" count="5" type="cond" truecount="2" falsecount="0"/>
        <line num="47" count="3" type="cond" truecount="2" falsecount="0"/>
        <line num="48" count="2" type="stmt"/>
      </file>
      <file name="image-preprocess.ts" path="/Users/kennethphang/Projects/WriteRight-SG/packages/ai/src/ocr/image-preprocess.ts">
        <metrics statements="17" coveredstatements="5" conditionals="21" coveredconditionals="4" methods="3" coveredmethods="1"/>
        <line num="14" count="1" type="stmt"/>
        <line num="26" count="0" type="stmt"/>
        <line num="29" count="0" type="stmt"/>
        <line num="31" count="0" type="stmt"/>
        <line num="34" count="0" type="cond" truecount="0" falsecount="2"/>
        <line num="35" count="0" type="stmt"/>
        <line num="38" count="0" type="cond" truecount="0" falsecount="2"/>
        <line num="39" count="0" type="stmt"/>
        <line num="43" count="0" type="stmt"/>
        <line num="45" count="0" type="stmt"/>
        <line num="49" count="0" type="stmt"/>
        <line num="50" count="0" type="stmt"/>
        <line num="51" count="0" type="stmt"/>
        <line num="61" count="6" type="stmt"/>
        <line num="62" count="6" type="cond" truecount="2" falsecount="0"/>
        <line num="63" count="4" type="cond" truecount="2" falsecount="0"/>
        <line num="64" count="2" type="stmt"/>
      </file>
    </package>
    <package name="packages.ai.src.prompts">
      <metrics statements="11" coveredstatements="11" conditionals="5" coveredconditionals="4" methods="4" coveredmethods="4"/>
      <file name="registry.ts" path="/Users/kennethphang/Projects/WriteRight-SG/packages/ai/src/prompts/registry.ts">
        <metrics statements="11" coveredstatements="11" conditionals="5" coveredconditionals="4" methods="4" coveredmethods="4"/>
        <line num="8" count="6" type="stmt"/>
        <line num="16" count="24" type="stmt"/>
        <line num="17" count="24" type="stmt"/>
        <line num="18" count="94" type="stmt"/>
        <line num="21" count="24" type="stmt"/>
        <line num="22" count="2" type="cond" truecount="1" falsecount="1"/>
        <line num="24" count="24" type="stmt"/>
        <line num="28" count="13" type="stmt"/>
        <line num="29" count="13" type="cond" truecount="2" falsecount="0"/>
        <line num="30" count="12" type="stmt"/>
        <line num="37" count="2" type="stmt"/>
      </file>
    </package>
    <package name="packages.ai.src.prompts.v1">
      <metrics statements="4" coveredstatements="4" conditionals="0" coveredconditionals="0" methods="0" coveredmethods="0"/>
      <file name="marking-cw-v1.ts" path="/Users/kennethphang/Projects/WriteRight-SG/packages/ai/src/prompts/v1/marking-cw-v1.ts">
        <metrics statements="1" coveredstatements="1" conditionals="0" coveredconditionals="0" methods="0" coveredmethods="0"/>
        <line num="1" count="6" type="stmt"/>
      </file>
      <file name="marking-sw-v1.ts" path="/Users/kennethphang/Projects/WriteRight-SG/packages/ai/src/prompts/v1/marking-sw-v1.ts">
        <metrics statements="1" coveredstatements="1" conditionals="0" coveredconditionals="0" methods="0" coveredmethods="0"/>
        <line num="1" count="6" type="stmt"/>
      </file>
      <file name="rewrite-v1.ts" path="/Users/kennethphang/Projects/WriteRight-SG/packages/ai/src/prompts/v1/rewrite-v1.ts">
        <metrics statements="1" coveredstatements="1" conditionals="0" coveredconditionals="0" methods="0" coveredmethods="0"/>
        <line num="1" count="6" type="stmt"/>
      </file>
      <file name="topic-gen-v1.ts" path="/Users/kennethphang/Projects/WriteRight-SG/packages/ai/src/prompts/v1/topic-gen-v1.ts">
        <metrics statements="1" coveredstatements="1" conditionals="0" coveredconditionals="0" methods="0" coveredmethods="0"/>
        <line num="1" count="6" type="stmt"/>
      </file>
    </package>
    <package name="packages.ai.src.rewrite">
      <metrics statements="27" coveredstatements="27" conditionals="16" coveredconditionals="13" methods="14" coveredmethods="14"/>
      <file name="band-target.ts" path="/Users/kennethphang/Projects/WriteRight-SG/packages/ai/src/rewrite/band-target.ts">
        <metrics statements="6" coveredstatements="6" conditionals="6" coveredconditionals="5" methods="3" coveredmethods="3"/>
        <line num="7" count="7" type="cond" truecount="2" falsecount="0"/>
        <line num="8" count="6" type="stmt"/>
        <line num="12" count="6" type="stmt"/>
        <line num="19" count="6" type="cond" truecount="2" falsecount="0"/>
        <line num="23" count="7" type="stmt"/>
        <line num="30" count="7" type="cond" truecount="1" falsecount="1"/>
      </file>
      <file name="diff.ts" path="/Users/kennethphang/Projects/WriteRight-SG/packages/ai/src/rewrite/diff.ts">
        <metrics statements="11" coveredstatements="11" conditionals="6" coveredconditionals="6" methods="9" coveredmethods="9"/>
        <line num="5" count="10" type="stmt"/>
        <line num="7" count="26" type="stmt"/>
        <line num="14" count="11" type="stmt"/>
        <line num="15" count="11" type="stmt"/>
        <line num="16" count="11" type="stmt"/>
        <line num="18" count="4" type="stmt"/>
        <line num="19" count="4" type="stmt"/>
        <line num="20" count="5" type="stmt"/>
        <line num="21" count="4" type="stmt"/>
        <line num="22" count="4" type="cond" truecount="2" falsecount="0"/>
        <line num="24" count="4" type="stmt"/>
      </file>
      <file name="engine.ts" path="/Users/kennethphang/Projects/WriteRight-SG/packages/ai/src/rewrite/engine.ts">
        <metrics statements="10" coveredstatements="10" conditionals="4" coveredconditionals="2" methods="2" coveredmethods="2"/>
        <line num="17" count="2" type="stmt"/>
        <line num="19" count="2" type="stmt"/>
        <line num="30" count="2" type="stmt"/>
        <line num="31" count="2" type="stmt"/>
        <line num="36" count="2" type="stmt"/>
        <line num="37" count="2" type="stmt"/>
        <line num="39" count="1" type="stmt"/>
        <line num="42" count="1" type="cond" truecount="1" falsecount="1"/>
        <line num="43" count="2" type="stmt"/>
        <line num="45" count="2" type="stmt"/>
      </file>
    </package>
    <package name="packages.ai.src.shared">
      <metrics statements="38" coveredstatements="33" conditionals="30" coveredconditionals="24" methods="13" coveredmethods="11"/>
      <file name="errors.ts" path="/Users/kennethphang/Projects/WriteRight-SG/packages/ai/src/shared/errors.ts">
        <metrics statements="25" coveredstatements="25" conditionals="14" coveredconditionals="14" methods="9" coveredmethods="9"/>
        <line num="2" count="25" type="cond" truecount="2" falsecount="0"/>
        <line num="3" count="25" type="stmt"/>
        <line num="4" count="25" type="stmt"/>
        <line num="9" count="1" type="stmt"/>
        <line num="10" count="1" type="stmt"/>
        <line num="11" count="1" type="stmt"/>
        <line num="17" count="16" type="stmt"/>
        <line num="18" count="16" type="stmt"/>
        <line num="24" count="2" type="stmt"/>
        <line num="25" count="2" type="stmt"/>
        <line num="31" count="1" type="stmt"/>
        <line num="32" count="1" type="stmt"/>
        <line num="37" count="1" type="stmt"/>
        <line num="38" count="1" type="stmt"/>
        <line num="39" count="1" type="stmt"/>
        <line num="44" count="10" type="cond" truecount="2" falsecount="0"/>
        <line num="45" count="4" type="cond" truecount="4" falsecount="0"/>
        <line num="46" count="3" type="stmt"/>
        <line num="50" count="9" type="stmt"/>
        <line num="51" count="12" type="stmt"/>
        <line num="52" count="12" type="stmt"/>
        <line num="54" count="5" type="cond" truecount="4" falsecount="0"/>
        <line num="55" count="3" type="stmt"/>
        <line num="56" count="3" type="stmt"/>
        <line num="59" count="3" type="stmt"/>
      </file>
      <file name="openai-client.ts" path="/Users/kennethphang/Projects/WriteRight-SG/packages/ai/src/shared/openai-client.ts">
        <metrics statements="13" coveredstatements="8" conditionals="16" coveredconditionals="10" methods="4" coveredmethods="2"/>
        <line num="3" count="3" type="stmt"/>
        <line num="6" count="3" type="cond" truecount="1" falsecount="1"/>
        <line num="7" count="3" type="stmt"/>
        <line num="13" count="3" type="stmt"/>
        <line num="21" count="3" type="stmt"/>
        <line num="22" count="3" type="cond" truecount="4" falsecount="0"/>
        <line num="24" count="3" type="stmt"/>
        <line num="35" count="3" type="cond" truecount="2" falsecount="0"/>
        <line num="44" count="0" type="stmt"/>
        <line num="45" count="0" type="cond" truecount="0" falsecount="2"/>
        <line num="47" count="0" type="stmt"/>
        <line num="52" count="0" type="stmt"/>
        <line num="64" count="0" type="cond" truecount="0" falsecount="2"/>
      </file>
    </package>
    <package name="packages.ai.src.topics">
      <metrics statements="6" coveredstatements="6" conditionals="2" coveredconditionals="2" methods="2" coveredmethods="2"/>
      <file name="categoriser.ts" path="/Users/kennethphang/Projects/WriteRight-SG/packages/ai/src/topics/categoriser.ts">
        <metrics statements="6" coveredstatements="6" conditionals="2" coveredconditionals="2" methods="2" coveredmethods="2"/>
        <line num="3" count="1" type="stmt"/>
        <line num="7" count="3" type="stmt"/>
        <line num="13" count="3" type="stmt"/>
        <line num="14" count="3" type="cond" truecount="2" falsecount="0"/>
        <line num="15" count="1" type="stmt"/>
        <line num="19" count="11" type="stmt"/>
      </file>
    </package>
    <package name="packages.ai.src.tts">
      <metrics statements="6" coveredstatements="6" conditionals="0" coveredconditionals="0" methods="5" coveredmethods="5"/>
      <file name="voices.ts" path="/Users/kennethphang/Projects/WriteRight-SG/packages/ai/src/tts/voices.ts">
        <metrics statements="6" coveredstatements="6" conditionals="0" coveredconditionals="0" methods="5" coveredmethods="5"/>
        <line num="17" count="1" type="stmt"/>
        <line num="38" count="1" type="stmt"/>
        <line num="48" count="3" type="stmt"/>
        <line num="52" count="12" type="stmt"/>
        <line num="56" count="6" type="stmt"/>
        <line num="63" count="6" type="stmt"/>
      </file>
    </package>
    <package name="packages.ai.src.writing-assistant">
      <metrics statements="56" coveredstatements="55" conditionals="89" coveredconditionals="65" methods="11" coveredmethods="11"/>
      <file name="analyzer.ts" path="/Users/kennethphang/Projects/WriteRight-SG/packages/ai/src/writing-assistant/analyzer.ts">
        <metrics statements="11" coveredstatements="11" conditionals="20" coveredconditionals="13" methods="1" coveredmethods="1"/>
        <line num="4" count="3" type="stmt"/>
        <line num="17" count="3" type="stmt"/>
        <line num="18" count="3" type="cond" truecount="2" falsecount="0"/>
        <line num="19" count="3" type="stmt"/>
        <line num="21" count="3" type="stmt"/>
        <line num="31" count="3" type="stmt"/>
        <line num="38" count="3" type="stmt"/>
        <line num="39" count="3" type="stmt"/>
        <line num="40" count="3" type="stmt"/>
        <line num="54" count="2" type="stmt"/>
        <line num="55" count="2" type="stmt"/>
      </file>
      <file name="coach.ts" path="/Users/kennethphang/Projects/WriteRight-SG/packages/ai/src/writing-assistant/coach.ts">
        <metrics statements="16" coveredstatements="15" conditionals="14" coveredconditionals="11" methods="3" coveredmethods="3"/>
        <line num="4" count="1" type="stmt"/>
        <line num="8" count="4" type="cond" truecount="2" falsecount="0"/>
        <line num="14" count="4" type="stmt"/>
        <line num="32" count="15" type="stmt"/>
        <line num="34" count="5" type="cond" truecount="2" falsecount="0"/>
        <line num="35" count="1" type="stmt"/>
        <line num="42" count="4" type="stmt"/>
        <line num="44" count="4" type="stmt"/>
        <line num="49" count="4" type="cond" truecount="2" falsecount="0"/>
        <line num="50" count="2" type="stmt"/>
        <line num="54" count="2" type="stmt"/>
        <line num="61" count="4" type="stmt"/>
        <line num="62" count="0" type="stmt"/>
        <line num="69" count="4" type="stmt"/>
        <line num="71" count="4" type="stmt"/>
        <line num="78" count="4" type="stmt"/>
      </file>
      <file name="grammar-checker.ts" path="/Users/kennethphang/Projects/WriteRight-SG/packages/ai/src/writing-assistant/grammar-checker.ts">
        <metrics statements="12" coveredstatements="12" conditionals="17" coveredconditionals="15" methods="3" coveredmethods="3"/>
        <line num="4" count="6" type="stmt"/>
        <line num="27" count="6" type="cond" truecount="4" falsecount="0"/>
        <line num="28" count="2" type="stmt"/>
        <line num="31" count="4" type="cond" truecount="2" falsecount="0"/>
        <line num="33" count="6" type="stmt"/>
        <line num="40" count="4" type="stmt"/>
        <line num="41" count="4" type="stmt"/>
        <line num="42" count="4" type="cond" truecount="1" falsecount="1"/>
        <line num="45" count="6" type="cond" truecount="5" falsecount="0"/>
        <line num="51" count="4" type="stmt"/>
        <line num="62" count="6" type="stmt"/>
        <line num="64" count="1" type="stmt"/>
      </file>
      <file name="live-scorer.ts" path="/Users/kennethphang/Projects/WriteRight-SG/packages/ai/src/writing-assistant/live-scorer.ts">
        <metrics statements="17" coveredstatements="17" conditionals="38" coveredconditionals="26" methods="4" coveredmethods="4"/>
        <line num="4" count="6" type="stmt"/>
        <line num="5" count="6" type="stmt"/>
        <line num="8" count="4" type="stmt"/>
        <line num="10" count="4" type="stmt"/>
        <line num="35" count="4" type="stmt"/>
        <line num="43" count="4" type="stmt"/>
        <line num="47" count="6" type="stmt"/>
        <line num="49" count="6" type="cond" truecount="4" falsecount="0"/>
        <line num="50" count="2" type="stmt"/>
        <line num="62" count="4" type="stmt"/>
        <line num="64" count="4" type="stmt"/>
        <line num="71" count="4" type="stmt"/>
        <line num="72" count="4" type="stmt"/>
        <line num="73" count="4" type="stmt"/>
        <line num="77" count="3" type="cond" truecount="1" falsecount="1"/>
        <line num="84" count="1" type="cond" truecount="1" falsecount="1"/>
        <line num="94" count="1" type="stmt"/>
      </file>
    </package>
  </project>
</coverage>
