{"/Users/kennethphang/Projects/WriteRight-SG/apps/web/src/__tests__/helpers/mock-supabase.ts": {"path":"/Users/kennethphang/Projects/WriteRight-SG/apps/web/src/__tests__/helpers/mock-supabase.ts","statementMap":{"0":{"start":{"line":17,"column":21},"end":{"line":17,"column":null}},"1":{"start":{"line":18,"column":19},"end":{"line":18,"column":null}},"2":{"start":{"line":20,"column":2},"end":{"line":22,"column":null}},"3":{"start":{"line":21,"column":4},"end":{"line":21,"column":null}},"4":{"start":{"line":23,"column":2},"end":{"line":23,"column":null}},"5":{"start":{"line":26,"column":2},"end":{"line":26,"column":null}},"6":{"start":{"line":27,"column":2},"end":{"line":27,"column":null}},"7":{"start":{"line":31,"column":44},"end":{"line":31,"column":null}},"8":{"start":{"line":33,"column":2},"end":{"line":44,"column":null}},"9":{"start":{"line":40,"column":6},"end":{"line":40,"column":null}},"10":{"start":{"line":40,"column":28},"end":{"line":40,"column":null}},"11":{"start":{"line":41,"column":6},"end":{"line":41,"column":null}},"12":{"start":{"line":41,"column":26},"end":{"line":41,"column":null}},"13":{"start":{"line":42,"column":6},"end":{"line":42,"column":null}}},"fnMap":{"0":{"name":"createMockChain","decl":{"start":{"line":16,"column":16},"end":{"line":16,"column":32}},"loc":{"start":{"line":16,"column":80},"end":{"line":28,"column":null}},"line":16},"1":{"name":"createMockSupabase","decl":{"start":{"line":30,"column":16},"end":{"line":30,"column":35}},"loc":{"start":{"line":30,"column":78},"end":{"line":45,"column":null}},"line":30},"2":{"name":"(anonymous_2)","decl":{"start":{"line":39,"column":16},"end":{"line":39,"column":17}},"loc":{"start":{"line":39,"column":35},"end":{"line":43,"column":5}},"line":39}},"branchMap":{"0":{"loc":{"start":{"line":16,"column":32},"end":{"line":16,"column":50}},"type":"default-arg","locations":[{"start":{"line":16,"column":44},"end":{"line":16,"column":50}}],"line":16},"1":{"loc":{"start":{"line":16,"column":50},"end":{"line":16,"column":80}},"type":"default-arg","locations":[{"start":{"line":16,"column":63},"end":{"line":16,"column":80}}],"line":16},"2":{"loc":{"start":{"line":18,"column":41},"end":{"line":18,"column":90}},"type":"cond-expr","locations":[{"start":{"line":18,"column":63},"end":{"line":18,"column":77}},{"start":{"line":18,"column":77},"end":{"line":18,"column":90}}],"line":18},"3":{"loc":{"start":{"line":18,"column":77},"end":{"line":18,"column":90}},"type":"cond-expr","locations":[{"start":{"line":18,"column":84},"end":{"line":18,"column":88}},{"start":{"line":18,"column":88},"end":{"line":18,"column":90}}],"line":18},"4":{"loc":{"start":{"line":30,"column":35},"end":{"line":30,"column":78}},"type":"default-arg","locations":[{"start":{"line":30,"column":74},"end":{"line":30,"column":78}}],"line":30},"5":{"loc":{"start":{"line":40,"column":6},"end":{"line":40,"column":null}},"type":"if","locations":[{"start":{"line":40,"column":6},"end":{"line":40,"column":null}},{"start":{},"end":{}}],"line":40},"6":{"loc":{"start":{"line":41,"column":6},"end":{"line":41,"column":null}},"type":"if","locations":[{"start":{"line":41,"column":6},"end":{"line":41,"column":null}},{"start":{},"end":{}}],"line":41}},"s":{"0":34,"1":34,"2":34,"3":306,"4":34,"5":34,"6":34,"7":7,"8":7,"9":0,"10":0,"11":0,"12":0,"13":0},"f":{"0":34,"1":7,"2":0},"b":{"0":[34],"1":[34],"2":[6,28],"3":[18,10],"4":[7],"5":[0,0],"6":[0,0]},"meta":{"lastBranch":7,"lastFunction":3,"lastStatement":14,"seen":{"f:16:16:16:32":0,"b:16:44:16:50":0,"b:16:63:16:80":1,"s:17:21:17:Infinity":0,"s:18:19:18:Infinity":1,"b:18:63:18:77:18:77:18:90":2,"b:18:84:18:88:18:88:18:90":3,"s:20:2:22:Infinity":2,"s:21:4:21:Infinity":3,"s:23:2:23:Infinity":4,"s:26:2:26:Infinity":5,"s:27:2:27:Infinity":6,"f:30:16:30:35":1,"b:30:74:30:78":4,"s:31:44:31:Infinity":7,"s:33:2:44:Infinity":8,"f:39:16:39:17":2,"b:40:6:40:Infinity:undefined:undefined:undefined:undefined":5,"s:40:6:40:Infinity":9,"s:40:28:40:Infinity":10,"b:41:6:41:Infinity:undefined:undefined:undefined:undefined":6,"s:41:6:41:Infinity":11,"s:41:26:41:Infinity":12,"s:42:6:42:Infinity":13}}}
,"/Users/kennethphang/Projects/WriteRight-SG/apps/web/src/app/api/v1/achievements/[studentId]/route.ts": {"path":"/Users/kennethphang/Projects/WriteRight-SG/apps/web/src/app/api/v1/achievements/[studentId]/route.ts","statementMap":{"0":{"start":{"line":5,"column":8},"end":{"line":5,"column":null}},"1":{"start":{"line":6,"column":29},"end":{"line":6,"column":null}},"2":{"start":{"line":7,"column":2},"end":{"line":7,"column":null}},"3":{"start":{"line":7,"column":13},"end":{"line":7,"column":null}},"4":{"start":{"line":9,"column":26},"end":{"line":13,"column":null}},"5":{"start":{"line":15,"column":2},"end":{"line":15,"column":null}},"6":{"start":{"line":15,"column":13},"end":{"line":15,"column":null}},"7":{"start":{"line":16,"column":2},"end":{"line":16,"column":null}}},"fnMap":{"0":{"name":"GET","decl":{"start":{"line":4,"column":22},"end":{"line":4,"column":26}},"loc":{"start":{"line":4,"column":91},"end":{"line":17,"column":null}},"line":4}},"branchMap":{"0":{"loc":{"start":{"line":7,"column":2},"end":{"line":7,"column":null}},"type":"if","locations":[{"start":{"line":7,"column":2},"end":{"line":7,"column":null}},{"start":{},"end":{}}],"line":7},"1":{"loc":{"start":{"line":15,"column":2},"end":{"line":15,"column":null}},"type":"if","locations":[{"start":{"line":15,"column":2},"end":{"line":15,"column":null}},{"start":{},"end":{}}],"line":15}},"s":{"0":2,"1":2,"2":2,"3":1,"4":1,"5":1,"6":0,"7":1},"f":{"0":2},"b":{"0":[1,1],"1":[0,1]},"meta":{"lastBranch":2,"lastFunction":1,"lastStatement":8,"seen":{"f:4:22:4:26":0,"s:5:8:5:Infinity":0,"s:6:29:6:Infinity":1,"b:7:2:7:Infinity:undefined:undefined:undefined:undefined":0,"s:7:2:7:Infinity":2,"s:7:13:7:Infinity":3,"s:9:26:13:Infinity":4,"b:15:2:15:Infinity:undefined:undefined:undefined:undefined":1,"s:15:2:15:Infinity":5,"s:15:13:15:Infinity":6,"s:16:2:16:Infinity":7}}}
,"/Users/kennethphang/Projects/WriteRight-SG/apps/web/src/app/api/v1/achievements/[studentId]/next/route.ts": {"path":"/Users/kennethphang/Projects/WriteRight-SG/apps/web/src/app/api/v1/achievements/[studentId]/next/route.ts","statementMap":{"0":{"start":{"line":5,"column":8},"end":{"line":5,"column":null}},"1":{"start":{"line":6,"column":29},"end":{"line":6,"column":null}},"2":{"start":{"line":7,"column":2},"end":{"line":7,"column":null}},"3":{"start":{"line":7,"column":13},"end":{"line":7,"column":null}},"4":{"start":{"line":10,"column":29},"end":{"line":13,"column":null}},"5":{"start":{"line":15,"column":8},"end":{"line":15,"column":null}},"6":{"start":{"line":15,"column":50},"end":{"line":15,"column":66}},"7":{"start":{"line":18,"column":14},"end":{"line":18,"column":null}},"8":{"start":{"line":19,"column":2},"end":{"line":21,"column":null}},"9":{"start":{"line":20,"column":4},"end":{"line":20,"column":null}},"10":{"start":{"line":23,"column":37},"end":{"line":23,"column":null}},"11":{"start":{"line":24,"column":2},"end":{"line":24,"column":null}}},"fnMap":{"0":{"name":"GET","decl":{"start":{"line":4,"column":22},"end":{"line":4,"column":26}},"loc":{"start":{"line":4,"column":91},"end":{"line":25,"column":null}},"line":4},"1":{"name":"(anonymous_1)","decl":{"start":{"line":15,"column":43},"end":{"line":15,"column":44}},"loc":{"start":{"line":15,"column":50},"end":{"line":15,"column":66}},"line":15}},"branchMap":{"0":{"loc":{"start":{"line":7,"column":2},"end":{"line":7,"column":null}},"type":"if","locations":[{"start":{"line":7,"column":2},"end":{"line":7,"column":null}},{"start":{},"end":{}}],"line":7},"1":{"loc":{"start":{"line":15,"column":23},"end":{"line":15,"column":39}},"type":"binary-expr","locations":[{"start":{"line":15,"column":23},"end":{"line":15,"column":35}},{"start":{"line":15,"column":35},"end":{"line":15,"column":39}}],"line":15},"2":{"loc":{"start":{"line":19,"column":2},"end":{"line":21,"column":null}},"type":"if","locations":[{"start":{"line":19,"column":2},"end":{"line":21,"column":null}},{"start":{},"end":{}}],"line":19},"3":{"loc":{"start":{"line":24,"column":35},"end":{"line":24,"column":58}},"type":"binary-expr","locations":[{"start":{"line":24,"column":35},"end":{"line":24,"column":55}},{"start":{"line":24,"column":55},"end":{"line":24,"column":58}}],"line":24}},"s":{"0":1,"1":1,"2":1,"3":0,"4":1,"5":1,"6":1,"7":1,"8":1,"9":1,"10":1,"11":1},"f":{"0":1,"1":1},"b":{"0":[0,1],"1":[1,0],"2":[1,0],"3":[1,0]},"meta":{"lastBranch":4,"lastFunction":2,"lastStatement":12,"seen":{"f:4:22:4:26":0,"s:5:8:5:Infinity":0,"s:6:29:6:Infinity":1,"b:7:2:7:Infinity:undefined:undefined:undefined:undefined":0,"s:7:2:7:Infinity":2,"s:7:13:7:Infinity":3,"s:10:29:13:Infinity":4,"s:15:8:15:Infinity":5,"b:15:23:15:35:15:35:15:39":1,"f:15:43:15:44":1,"s:15:50:15:66":6,"s:18:14:18:Infinity":7,"b:19:2:21:Infinity:undefined:undefined:undefined:undefined":2,"s:19:2:21:Infinity":8,"s:20:4:20:Infinity":9,"s:23:37:23:Infinity":10,"s:24:2:24:Infinity":11,"b:24:35:24:55:24:55:24:58":3}}}
,"/Users/kennethphang/Projects/WriteRight-SG/apps/web/src/app/api/v1/achievements/[studentId]/streaks/route.ts": {"path":"/Users/kennethphang/Projects/WriteRight-SG/apps/web/src/app/api/v1/achievements/[studentId]/streaks/route.ts","statementMap":{"0":{"start":{"line":5,"column":8},"end":{"line":5,"column":null}},"1":{"start":{"line":6,"column":29},"end":{"line":6,"column":null}},"2":{"start":{"line":7,"column":2},"end":{"line":7,"column":null}},"3":{"start":{"line":7,"column":13},"end":{"line":7,"column":null}},"4":{"start":{"line":9,"column":26},"end":{"line":13,"column":null}},"5":{"start":{"line":15,"column":2},"end":{"line":15,"column":null}},"6":{"start":{"line":15,"column":13},"end":{"line":15,"column":null}},"7":{"start":{"line":16,"column":2},"end":{"line":20,"column":null}}},"fnMap":{"0":{"name":"GET","decl":{"start":{"line":4,"column":22},"end":{"line":4,"column":26}},"loc":{"start":{"line":4,"column":91},"end":{"line":21,"column":null}},"line":4}},"branchMap":{"0":{"loc":{"start":{"line":7,"column":2},"end":{"line":7,"column":null}},"type":"if","locations":[{"start":{"line":7,"column":2},"end":{"line":7,"column":null}},{"start":{},"end":{}}],"line":7},"1":{"loc":{"start":{"line":15,"column":2},"end":{"line":15,"column":null}},"type":"if","locations":[{"start":{"line":15,"column":2},"end":{"line":15,"column":null}},{"start":{},"end":{}}],"line":15}},"s":{"0":2,"1":2,"2":2,"3":0,"4":2,"5":2,"6":1,"7":1},"f":{"0":2},"b":{"0":[0,2],"1":[1,1]},"meta":{"lastBranch":2,"lastFunction":1,"lastStatement":8,"seen":{"f:4:22:4:26":0,"s:5:8:5:Infinity":0,"s:6:29:6:Infinity":1,"b:7:2:7:Infinity:undefined:undefined:undefined:undefined":0,"s:7:2:7:Infinity":2,"s:7:13:7:Infinity":3,"s:9:26:13:Infinity":4,"b:15:2:15:Infinity:undefined:undefined:undefined:undefined":1,"s:15:2:15:Infinity":5,"s:15:13:15:Infinity":6,"s:16:2:20:Infinity":7}}}
,"/Users/kennethphang/Projects/WriteRight-SG/apps/web/src/app/api/v1/auth/login/route.ts": {"path":"/Users/kennethphang/Projects/WriteRight-SG/apps/web/src/app/api/v1/auth/login/route.ts","statementMap":{"0":{"start":{"line":5,"column":20},"end":{"line":8,"column":null}},"1":{"start":{"line":11,"column":2},"end":{"line":28,"column":null}},"2":{"start":{"line":12,"column":17},"end":{"line":12,"column":null}},"3":{"start":{"line":13,"column":32},"end":{"line":13,"column":null}},"4":{"start":{"line":15,"column":10},"end":{"line":15,"column":null}},"5":{"start":{"line":16,"column":28},"end":{"line":16,"column":null}},"6":{"start":{"line":18,"column":4},"end":{"line":20,"column":null}},"7":{"start":{"line":19,"column":6},"end":{"line":19,"column":null}},"8":{"start":{"line":22,"column":4},"end":{"line":22,"column":null}},"9":{"start":{"line":24,"column":4},"end":{"line":26,"column":null}},"10":{"start":{"line":25,"column":6},"end":{"line":25,"column":null}},"11":{"start":{"line":27,"column":4},"end":{"line":27,"column":null}}},"fnMap":{"0":{"name":"POST","decl":{"start":{"line":10,"column":22},"end":{"line":10,"column":27}},"loc":{"start":{"line":10,"column":45},"end":{"line":29,"column":null}},"line":10}},"branchMap":{"0":{"loc":{"start":{"line":18,"column":4},"end":{"line":20,"column":null}},"type":"if","locations":[{"start":{"line":18,"column":4},"end":{"line":20,"column":null}},{"start":{},"end":{}}],"line":18},"1":{"loc":{"start":{"line":24,"column":4},"end":{"line":26,"column":null}},"type":"if","locations":[{"start":{"line":24,"column":4},"end":{"line":26,"column":null}},{"start":{},"end":{}}],"line":24}},"s":{"0":1,"1":3,"2":3,"3":3,"4":3,"5":3,"6":1,"7":1,"8":0,"9":2,"10":2,"11":0},"f":{"0":3},"b":{"0":[1,0],"1":[2,0]},"meta":{"lastBranch":2,"lastFunction":1,"lastStatement":12,"seen":{"s:5:20:8:Infinity":0,"f:10:22:10:27":0,"s:11:2:28:Infinity":1,"s:12:17:12:Infinity":2,"s:13:32:13:Infinity":3,"s:15:10:15:Infinity":4,"s:16:28:16:Infinity":5,"b:18:4:20:Infinity:undefined:undefined:undefined:undefined":0,"s:18:4:20:Infinity":6,"s:19:6:19:Infinity":7,"s:22:4:22:Infinity":8,"b:24:4:26:Infinity:undefined:undefined:undefined:undefined":1,"s:24:4:26:Infinity":9,"s:25:6:25:Infinity":10,"s:27:4:27:Infinity":11}}}
,"/Users/kennethphang/Projects/WriteRight-SG/apps/web/src/app/api/v1/auth/register/route.ts": {"path":"/Users/kennethphang/Projects/WriteRight-SG/apps/web/src/app/api/v1/auth/register/route.ts","statementMap":{"0":{"start":{"line":5,"column":23},"end":{"line":10,"column":null}},"1":{"start":{"line":13,"column":2},"end":{"line":47,"column":null}},"2":{"start":{"line":14,"column":17},"end":{"line":14,"column":null}},"3":{"start":{"line":15,"column":51},"end":{"line":15,"column":null}},"4":{"start":{"line":17,"column":10},"end":{"line":17,"column":null}},"5":{"start":{"line":18,"column":28},"end":{"line":24,"column":null}},"6":{"start":{"line":26,"column":4},"end":{"line":28,"column":null}},"7":{"start":{"line":27,"column":6},"end":{"line":27,"column":null}},"8":{"start":{"line":31,"column":4},"end":{"line":39,"column":null}},"9":{"start":{"line":32,"column":6},"end":{"line":38,"column":null}},"10":{"start":{"line":41,"column":4},"end":{"line":41,"column":null}},"11":{"start":{"line":43,"column":4},"end":{"line":45,"column":null}},"12":{"start":{"line":44,"column":6},"end":{"line":44,"column":null}},"13":{"start":{"line":46,"column":4},"end":{"line":46,"column":null}}},"fnMap":{"0":{"name":"POST","decl":{"start":{"line":12,"column":22},"end":{"line":12,"column":27}},"loc":{"start":{"line":12,"column":45},"end":{"line":48,"column":null}},"line":12}},"branchMap":{"0":{"loc":{"start":{"line":26,"column":4},"end":{"line":28,"column":null}},"type":"if","locations":[{"start":{"line":26,"column":4},"end":{"line":28,"column":null}},{"start":{},"end":{}}],"line":26},"1":{"loc":{"start":{"line":31,"column":4},"end":{"line":39,"column":null}},"type":"if","locations":[{"start":{"line":31,"column":4},"end":{"line":39,"column":null}},{"start":{},"end":{}}],"line":31},"2":{"loc":{"start":{"line":43,"column":4},"end":{"line":45,"column":null}},"type":"if","locations":[{"start":{"line":43,"column":4},"end":{"line":45,"column":null}},{"start":{},"end":{}}],"line":43}},"s":{"0":6,"1":6,"2":6,"3":6,"4":6,"5":6,"6":2,"7":1,"8":1,"9":1,"10":1,"11":4,"12":4,"13":0},"f":{"0":6},"b":{"0":[1,1],"1":[1,0],"2":[4,0]},"meta":{"lastBranch":3,"lastFunction":1,"lastStatement":14,"seen":{"s:5:23:10:Infinity":0,"f:12:22:12:27":0,"s:13:2:47:Infinity":1,"s:14:17:14:Infinity":2,"s:15:51:15:Infinity":3,"s:17:10:17:Infinity":4,"s:18:28:24:Infinity":5,"b:26:4:28:Infinity:undefined:undefined:undefined:undefined":0,"s:26:4:28:Infinity":6,"s:27:6:27:Infinity":7,"b:31:4:39:Infinity:undefined:undefined:undefined:undefined":1,"s:31:4:39:Infinity":8,"s:32:6:38:Infinity":9,"s:41:4:41:Infinity":10,"b:43:4:45:Infinity:undefined:undefined:undefined:undefined":2,"s:43:4:45:Infinity":11,"s:44:6:44:Infinity":12,"s:46:4:46:Infinity":13}}}
,"/Users/kennethphang/Projects/WriteRight-SG/apps/web/src/app/api/v1/billing/cancel/route.ts": {"path":"/Users/kennethphang/Projects/WriteRight-SG/apps/web/src/app/api/v1/billing/cancel/route.ts","statementMap":{"0":{"start":{"line":5,"column":15},"end":{"line":5,"column":null}},"1":{"start":{"line":8,"column":8},"end":{"line":8,"column":null}},"2":{"start":{"line":9,"column":29},"end":{"line":9,"column":null}},"3":{"start":{"line":10,"column":2},"end":{"line":10,"column":null}},"4":{"start":{"line":10,"column":13},"end":{"line":10,"column":null}},"5":{"start":{"line":12,"column":24},"end":{"line":17,"column":null}},"6":{"start":{"line":19,"column":2},"end":{"line":21,"column":null}},"7":{"start":{"line":20,"column":4},"end":{"line":20,"column":null}},"8":{"start":{"line":23,"column":2},"end":{"line":23,"column":null}},"9":{"start":{"line":24,"column":2},"end":{"line":24,"column":null}},"10":{"start":{"line":26,"column":2},"end":{"line":26,"column":null}}},"fnMap":{"0":{"name":"POST","decl":{"start":{"line":7,"column":22},"end":{"line":7,"column":27}},"loc":{"start":{"line":7,"column":45},"end":{"line":27,"column":null}},"line":7}},"branchMap":{"0":{"loc":{"start":{"line":10,"column":2},"end":{"line":10,"column":null}},"type":"if","locations":[{"start":{"line":10,"column":2},"end":{"line":10,"column":null}},{"start":{},"end":{}}],"line":10},"1":{"loc":{"start":{"line":19,"column":2},"end":{"line":21,"column":null}},"type":"if","locations":[{"start":{"line":19,"column":2},"end":{"line":21,"column":null}},{"start":{},"end":{}}],"line":19}},"s":{"0":1,"1":2,"2":2,"3":2,"4":1,"5":1,"6":1,"7":1,"8":0,"9":0,"10":0},"f":{"0":2},"b":{"0":[1,1],"1":[1,0]},"meta":{"lastBranch":2,"lastFunction":1,"lastStatement":11,"seen":{"s:5:15:5:Infinity":0,"f:7:22:7:27":0,"s:8:8:8:Infinity":1,"s:9:29:9:Infinity":2,"b:10:2:10:Infinity:undefined:undefined:undefined:undefined":0,"s:10:2:10:Infinity":3,"s:10:13:10:Infinity":4,"s:12:24:17:Infinity":5,"b:19:2:21:Infinity:undefined:undefined:undefined:undefined":1,"s:19:2:21:Infinity":6,"s:20:4:20:Infinity":7,"s:23:2:23:Infinity":8,"s:24:2:24:Infinity":9,"s:26:2:26:Infinity":10}}}
,"/Users/kennethphang/Projects/WriteRight-SG/apps/web/src/app/api/v1/billing/subscribe/route.ts": {"path":"/Users/kennethphang/Projects/WriteRight-SG/apps/web/src/app/api/v1/billing/subscribe/route.ts","statementMap":{"0":{"start":{"line":5,"column":15},"end":{"line":5,"column":null}},"1":{"start":{"line":7,"column":42},"end":{"line":10,"column":null}},"2":{"start":{"line":13,"column":8},"end":{"line":13,"column":null}},"3":{"start":{"line":14,"column":29},"end":{"line":14,"column":null}},"4":{"start":{"line":15,"column":2},"end":{"line":15,"column":null}},"5":{"start":{"line":15,"column":13},"end":{"line":15,"column":null}},"6":{"start":{"line":17,"column":15},"end":{"line":17,"column":null}},"7":{"start":{"line":18,"column":15},"end":{"line":18,"column":null}},"8":{"start":{"line":19,"column":18},"end":{"line":19,"column":null}},"9":{"start":{"line":20,"column":2},"end":{"line":20,"column":null}},"10":{"start":{"line":20,"column":16},"end":{"line":20,"column":null}},"11":{"start":{"line":23,"column":28},"end":{"line":23,"column":null}},"12":{"start":{"line":24,"column":19},"end":{"line":24,"column":null}},"13":{"start":{"line":26,"column":2},"end":{"line":30,"column":null}},"14":{"start":{"line":27,"column":21},"end":{"line":27,"column":null}},"15":{"start":{"line":28,"column":4},"end":{"line":28,"column":null}},"16":{"start":{"line":29,"column":4},"end":{"line":29,"column":null}},"17":{"start":{"line":32,"column":18},"end":{"line":39,"column":null}},"18":{"start":{"line":41,"column":2},"end":{"line":41,"column":null}}},"fnMap":{"0":{"name":"POST","decl":{"start":{"line":12,"column":22},"end":{"line":12,"column":27}},"loc":{"start":{"line":12,"column":45},"end":{"line":42,"column":null}},"line":12}},"branchMap":{"0":{"loc":{"start":{"line":15,"column":2},"end":{"line":15,"column":null}},"type":"if","locations":[{"start":{"line":15,"column":2},"end":{"line":15,"column":null}},{"start":{},"end":{}}],"line":15},"1":{"loc":{"start":{"line":20,"column":2},"end":{"line":20,"column":null}},"type":"if","locations":[{"start":{"line":20,"column":2},"end":{"line":20,"column":null}},{"start":{},"end":{}}],"line":20},"2":{"loc":{"start":{"line":26,"column":2},"end":{"line":30,"column":null}},"type":"if","locations":[{"start":{"line":26,"column":2},"end":{"line":30,"column":null}},{"start":{},"end":{}}],"line":26},"3":{"loc":{"start":{"line":27,"column":60},"end":{"line":27,"column":91}},"type":"binary-expr","locations":[{"start":{"line":27,"column":60},"end":{"line":27,"column":78}},{"start":{"line":27,"column":78},"end":{"line":27,"column":91}}],"line":27}},"s":{"0":1,"1":1,"2":2,"3":2,"4":2,"5":1,"6":1,"7":1,"8":1,"9":1,"10":1,"11":0,"12":0,"13":2,"14":0,"15":0,"16":0,"17":0,"18":0},"f":{"0":2},"b":{"0":[1,1],"1":[1,0],"2":[0,2],"3":[0,0]},"meta":{"lastBranch":4,"lastFunction":1,"lastStatement":19,"seen":{"s:5:15:5:Infinity":0,"s:7:42:10:Infinity":1,"f:12:22:12:27":0,"s:13:8:13:Infinity":2,"s:14:29:14:Infinity":3,"b:15:2:15:Infinity:undefined:undefined:undefined:undefined":0,"s:15:2:15:Infinity":4,"s:15:13:15:Infinity":5,"s:17:15:17:Infinity":6,"s:18:15:18:Infinity":7,"s:19:18:19:Infinity":8,"b:20:2:20:Infinity:undefined:undefined:undefined:undefined":1,"s:20:2:20:Infinity":9,"s:20:16:20:Infinity":10,"s:23:28:23:Infinity":11,"s:24:19:24:Infinity":12,"b:26:2:30:Infinity:undefined:undefined:undefined:undefined":2,"s:26:2:30:Infinity":13,"s:27:21:27:Infinity":14,"b:27:60:27:78:27:78:27:91":3,"s:28:4:28:Infinity":15,"s:29:4:29:Infinity":16,"s:32:18:39:Infinity":17,"s:41:2:41:Infinity":18}}}
,"/Users/kennethphang/Projects/WriteRight-SG/apps/web/src/app/api/v1/billing/usage/route.ts": {"path":"/Users/kennethphang/Projects/WriteRight-SG/apps/web/src/app/api/v1/billing/usage/route.ts","statementMap":{"0":{"start":{"line":5,"column":8},"end":{"line":5,"column":null}},"1":{"start":{"line":6,"column":29},"end":{"line":6,"column":null}},"2":{"start":{"line":7,"column":2},"end":{"line":7,"column":null}},"3":{"start":{"line":7,"column":13},"end":{"line":7,"column":null}},"4":{"start":{"line":9,"column":24},"end":{"line":9,"column":null}},"5":{"start":{"line":10,"column":15},"end":{"line":10,"column":null}},"6":{"start":{"line":12,"column":21},"end":{"line":12,"column":null}},"7":{"start":{"line":14,"column":31},"end":{"line":17,"column":null}},"8":{"start":{"line":19,"column":32},"end":{"line":22,"column":null}},"9":{"start":{"line":24,"column":17},"end":{"line":26,"column":null}},"10":{"start":{"line":28,"column":2},"end":{"line":33,"column":null}}},"fnMap":{"0":{"name":"GET","decl":{"start":{"line":4,"column":22},"end":{"line":4,"column":26}},"loc":{"start":{"line":4,"column":44},"end":{"line":34,"column":null}},"line":4}},"branchMap":{"0":{"loc":{"start":{"line":7,"column":2},"end":{"line":7,"column":null}},"type":"if","locations":[{"start":{"line":7,"column":2},"end":{"line":7,"column":null}},{"start":{},"end":{}}],"line":7},"1":{"loc":{"start":{"line":10,"column":15},"end":{"line":10,"column":null}},"type":"binary-expr","locations":[{"start":{"line":10,"column":15},"end":{"line":10,"column":28}},{"start":{"line":10,"column":28},"end":{"line":10,"column":null}}],"line":10},"2":{"loc":{"start":{"line":24,"column":17},"end":{"line":26,"column":null}},"type":"cond-expr","locations":[{"start":{"line":25,"column":6},"end":{"line":25,"column":null}},{"start":{"line":26,"column":6},"end":{"line":26,"column":null}}],"line":24},"3":{"loc":{"start":{"line":31,"column":26},"end":{"line":31,"column":42}},"type":"binary-expr","locations":[{"start":{"line":31,"column":26},"end":{"line":31,"column":39}},{"start":{"line":31,"column":39},"end":{"line":31,"column":42}}],"line":31},"4":{"loc":{"start":{"line":31,"column":50},"end":{"line":31,"column":66}},"type":"binary-expr","locations":[{"start":{"line":31,"column":50},"end":{"line":31,"column":64}},{"start":{"line":31,"column":64},"end":{"line":31,"column":66}}],"line":31}},"s":{"0":2,"1":2,"2":2,"3":1,"4":1,"5":1,"6":2,"7":2,"8":1,"9":1,"10":2},"f":{"0":2},"b":{"0":[1,1],"1":[1,0],"2":[1,0],"3":[2,0],"4":[2,0]},"meta":{"lastBranch":5,"lastFunction":1,"lastStatement":11,"seen":{"f:4:22:4:26":0,"s:5:8:5:Infinity":0,"s:6:29:6:Infinity":1,"b:7:2:7:Infinity:undefined:undefined:undefined:undefined":0,"s:7:2:7:Infinity":2,"s:7:13:7:Infinity":3,"s:9:24:9:Infinity":4,"s:10:15:10:Infinity":5,"b:10:15:10:28:10:28:10:Infinity":1,"s:12:21:12:Infinity":6,"s:14:31:17:Infinity":7,"s:19:32:22:Infinity":8,"s:24:17:26:Infinity":9,"b:25:6:25:Infinity:26:6:26:Infinity":2,"s:28:2:33:Infinity":10,"b:31:26:31:39:31:39:31:42":3,"b:31:50:31:64:31:64:31:66":4}}}
,"/Users/kennethphang/Projects/WriteRight-SG/apps/web/src/app/api/v1/drafts/route.ts": {"path":"/Users/kennethphang/Projects/WriteRight-SG/apps/web/src/app/api/v1/drafts/route.ts","statementMap":{"0":{"start":{"line":5,"column":21},"end":{"line":10,"column":null}},"1":{"start":{"line":13,"column":8},"end":{"line":13,"column":null}},"2":{"start":{"line":14,"column":29},"end":{"line":14,"column":null}},"3":{"start":{"line":15,"column":2},"end":{"line":15,"column":null}},"4":{"start":{"line":15,"column":13},"end":{"line":15,"column":null}},"5":{"start":{"line":17,"column":2},"end":{"line":62,"column":null}},"6":{"start":{"line":18,"column":17},"end":{"line":18,"column":null}},"7":{"start":{"line":19,"column":18},"end":{"line":19,"column":null}},"8":{"start":{"line":22,"column":30},"end":{"line":26,"column":null}},"9":{"start":{"line":28,"column":4},"end":{"line":28,"column":null}},"10":{"start":{"line":28,"column":18},"end":{"line":28,"column":null}},"11":{"start":{"line":30,"column":35},"end":{"line":43,"column":null}},"12":{"start":{"line":45,"column":4},"end":{"line":45,"column":null}},"13":{"start":{"line":45,"column":15},"end":{"line":45,"column":null}},"14":{"start":{"line":48,"column":4},"end":{"line":54,"column":null}},"15":{"start":{"line":56,"column":4},"end":{"line":56,"column":null}},"16":{"start":{"line":58,"column":4},"end":{"line":60,"column":null}},"17":{"start":{"line":59,"column":6},"end":{"line":59,"column":null}},"18":{"start":{"line":61,"column":4},"end":{"line":61,"column":null}},"19":{"start":{"line":66,"column":8},"end":{"line":66,"column":null}},"20":{"start":{"line":67,"column":29},"end":{"line":67,"column":null}},"21":{"start":{"line":68,"column":2},"end":{"line":68,"column":null}},"22":{"start":{"line":68,"column":13},"end":{"line":68,"column":null}},"23":{"start":{"line":70,"column":28},"end":{"line":74,"column":null}},"24":{"start":{"line":76,"column":2},"end":{"line":76,"column":null}},"25":{"start":{"line":76,"column":16},"end":{"line":76,"column":null}},"26":{"start":{"line":78,"column":23},"end":{"line":78,"column":null}},"27":{"start":{"line":79,"column":14},"end":{"line":83,"column":null}},"28":{"start":{"line":85,"column":2},"end":{"line":85,"column":null}},"29":{"start":{"line":85,"column":20},"end":{"line":85,"column":null}},"30":{"start":{"line":87,"column":26},"end":{"line":87,"column":null}},"31":{"start":{"line":88,"column":2},"end":{"line":88,"column":null}},"32":{"start":{"line":88,"column":13},"end":{"line":88,"column":null}},"33":{"start":{"line":90,"column":2},"end":{"line":90,"column":null}}},"fnMap":{"0":{"name":"POST","decl":{"start":{"line":12,"column":22},"end":{"line":12,"column":27}},"loc":{"start":{"line":12,"column":45},"end":{"line":63,"column":null}},"line":12},"1":{"name":"GET","decl":{"start":{"line":65,"column":22},"end":{"line":65,"column":26}},"loc":{"start":{"line":65,"column":44},"end":{"line":91,"column":null}},"line":65}},"branchMap":{"0":{"loc":{"start":{"line":15,"column":2},"end":{"line":15,"column":null}},"type":"if","locations":[{"start":{"line":15,"column":2},"end":{"line":15,"column":null}},{"start":{},"end":{}}],"line":15},"1":{"loc":{"start":{"line":28,"column":4},"end":{"line":28,"column":null}},"type":"if","locations":[{"start":{"line":28,"column":4},"end":{"line":28,"column":null}},{"start":{},"end":{}}],"line":28},"2":{"loc":{"start":{"line":45,"column":4},"end":{"line":45,"column":null}},"type":"if","locations":[{"start":{"line":45,"column":4},"end":{"line":45,"column":null}},{"start":{},"end":{}}],"line":45},"3":{"loc":{"start":{"line":58,"column":4},"end":{"line":60,"column":null}},"type":"if","locations":[{"start":{"line":58,"column":4},"end":{"line":60,"column":null}},{"start":{},"end":{}}],"line":58},"4":{"loc":{"start":{"line":68,"column":2},"end":{"line":68,"column":null}},"type":"if","locations":[{"start":{"line":68,"column":2},"end":{"line":68,"column":null}},{"start":{},"end":{}}],"line":68},"5":{"loc":{"start":{"line":76,"column":2},"end":{"line":76,"column":null}},"type":"if","locations":[{"start":{"line":76,"column":2},"end":{"line":76,"column":null}},{"start":{},"end":{}}],"line":76},"6":{"loc":{"start":{"line":85,"column":2},"end":{"line":85,"column":null}},"type":"if","locations":[{"start":{"line":85,"column":2},"end":{"line":85,"column":null}},{"start":{},"end":{}}],"line":85},"7":{"loc":{"start":{"line":88,"column":2},"end":{"line":88,"column":null}},"type":"if","locations":[{"start":{"line":88,"column":2},"end":{"line":88,"column":null}},{"start":{},"end":{}}],"line":88}},"s":{"0":1,"1":3,"2":3,"3":3,"4":1,"5":2,"6":2,"7":2,"8":2,"9":1,"10":1,"11":0,"12":0,"13":0,"14":0,"15":0,"16":1,"17":1,"18":0,"19":0,"20":0,"21":0,"22":0,"23":0,"24":0,"25":0,"26":0,"27":0,"28":0,"29":0,"30":0,"31":0,"32":0,"33":0},"f":{"0":3,"1":0},"b":{"0":[1,2],"1":[1,0],"2":[0,0],"3":[1,0],"4":[0,0],"5":[0,0],"6":[0,0],"7":[0,0]},"meta":{"lastBranch":8,"lastFunction":2,"lastStatement":34,"seen":{"s:5:21:10:Infinity":0,"f:12:22:12:27":0,"s:13:8:13:Infinity":1,"s:14:29:14:Infinity":2,"b:15:2:15:Infinity:undefined:undefined:undefined:undefined":0,"s:15:2:15:Infinity":3,"s:15:13:15:Infinity":4,"s:17:2:62:Infinity":5,"s:18:17:18:Infinity":6,"s:19:18:19:Infinity":7,"s:22:30:26:Infinity":8,"b:28:4:28:Infinity:undefined:undefined:undefined:undefined":1,"s:28:4:28:Infinity":9,"s:28:18:28:Infinity":10,"s:30:35:43:Infinity":11,"b:45:4:45:Infinity:undefined:undefined:undefined:undefined":2,"s:45:4:45:Infinity":12,"s:45:15:45:Infinity":13,"s:48:4:54:Infinity":14,"s:56:4:56:Infinity":15,"b:58:4:60:Infinity:undefined:undefined:undefined:undefined":3,"s:58:4:60:Infinity":16,"s:59:6:59:Infinity":17,"s:61:4:61:Infinity":18,"f:65:22:65:26":1,"s:66:8:66:Infinity":19,"s:67:29:67:Infinity":20,"b:68:2:68:Infinity:undefined:undefined:undefined:undefined":4,"s:68:2:68:Infinity":21,"s:68:13:68:Infinity":22,"s:70:28:74:Infinity":23,"b:76:2:76:Infinity:undefined:undefined:undefined:undefined":5,"s:76:2:76:Infinity":24,"s:76:16:76:Infinity":25,"s:78:23:78:Infinity":26,"s:79:14:83:Infinity":27,"b:85:2:85:Infinity:undefined:undefined:undefined:undefined":6,"s:85:2:85:Infinity":28,"s:85:20:85:Infinity":29,"s:87:26:87:Infinity":30,"b:88:2:88:Infinity:undefined:undefined:undefined:undefined":7,"s:88:2:88:Infinity":31,"s:88:13:88:Infinity":32,"s:90:2:90:Infinity":33}}}
,"/Users/kennethphang/Projects/WriteRight-SG/apps/web/src/app/api/v1/drafts/[draftId]/route.ts": {"path":"/Users/kennethphang/Projects/WriteRight-SG/apps/web/src/app/api/v1/drafts/[draftId]/route.ts","statementMap":{"0":{"start":{"line":5,"column":21},"end":{"line":13,"column":null}},"1":{"start":{"line":16,"column":8},"end":{"line":16,"column":null}},"2":{"start":{"line":17,"column":29},"end":{"line":17,"column":null}},"3":{"start":{"line":18,"column":2},"end":{"line":18,"column":null}},"4":{"start":{"line":18,"column":13},"end":{"line":18,"column":null}},"5":{"start":{"line":20,"column":26},"end":{"line":24,"column":null}},"6":{"start":{"line":26,"column":2},"end":{"line":26,"column":null}},"7":{"start":{"line":26,"column":22},"end":{"line":26,"column":null}},"8":{"start":{"line":27,"column":2},"end":{"line":27,"column":null}},"9":{"start":{"line":31,"column":8},"end":{"line":31,"column":null}},"10":{"start":{"line":32,"column":29},"end":{"line":32,"column":null}},"11":{"start":{"line":33,"column":2},"end":{"line":33,"column":null}},"12":{"start":{"line":33,"column":13},"end":{"line":33,"column":null}},"13":{"start":{"line":35,"column":2},"end":{"line":78,"column":null}},"14":{"start":{"line":36,"column":17},"end":{"line":36,"column":null}},"15":{"start":{"line":37,"column":18},"end":{"line":37,"column":null}},"16":{"start":{"line":40,"column":35},"end":{"line":45,"column":null}},"17":{"start":{"line":47,"column":4},"end":{"line":47,"column":null}},"18":{"start":{"line":47,"column":15},"end":{"line":47,"column":null}},"19":{"start":{"line":50,"column":4},"end":{"line":70,"column":null}},"20":{"start":{"line":51,"column":38},"end":{"line":57,"column":null}},"21":{"start":{"line":59,"column":12},"end":{"line":59,"column":null}},"22":{"start":{"line":61,"column":6},"end":{"line":67,"column":null}},"23":{"start":{"line":69,"column":6},"end":{"line":69,"column":null}},"24":{"start":{"line":72,"column":4},"end":{"line":72,"column":null}},"25":{"start":{"line":74,"column":4},"end":{"line":76,"column":null}},"26":{"start":{"line":75,"column":6},"end":{"line":75,"column":null}},"27":{"start":{"line":77,"column":4},"end":{"line":77,"column":null}}},"fnMap":{"0":{"name":"GET","decl":{"start":{"line":15,"column":22},"end":{"line":15,"column":26}},"loc":{"start":{"line":15,"column":89},"end":{"line":28,"column":null}},"line":15},"1":{"name":"PUT","decl":{"start":{"line":30,"column":22},"end":{"line":30,"column":26}},"loc":{"start":{"line":30,"column":89},"end":{"line":79,"column":null}},"line":30}},"branchMap":{"0":{"loc":{"start":{"line":18,"column":2},"end":{"line":18,"column":null}},"type":"if","locations":[{"start":{"line":18,"column":2},"end":{"line":18,"column":null}},{"start":{},"end":{}}],"line":18},"1":{"loc":{"start":{"line":26,"column":2},"end":{"line":26,"column":null}},"type":"if","locations":[{"start":{"line":26,"column":2},"end":{"line":26,"column":null}},{"start":{},"end":{}}],"line":26},"2":{"loc":{"start":{"line":26,"column":6},"end":{"line":26,"column":22}},"type":"binary-expr","locations":[{"start":{"line":26,"column":6},"end":{"line":26,"column":15}},{"start":{"line":26,"column":15},"end":{"line":26,"column":22}}],"line":26},"3":{"loc":{"start":{"line":33,"column":2},"end":{"line":33,"column":null}},"type":"if","locations":[{"start":{"line":33,"column":2},"end":{"line":33,"column":null}},{"start":{},"end":{}}],"line":33},"4":{"loc":{"start":{"line":47,"column":4},"end":{"line":47,"column":null}},"type":"if","locations":[{"start":{"line":47,"column":4},"end":{"line":47,"column":null}},{"start":{},"end":{}}],"line":47},"5":{"loc":{"start":{"line":50,"column":4},"end":{"line":70,"column":null}},"type":"if","locations":[{"start":{"line":50,"column":4},"end":{"line":70,"column":null}},{"start":{},"end":{}}],"line":50},"6":{"loc":{"start":{"line":59,"column":27},"end":{"line":59,"column":65}},"type":"binary-expr","locations":[{"start":{"line":59,"column":27},"end":{"line":59,"column":60}},{"start":{"line":59,"column":60},"end":{"line":59,"column":65}}],"line":59},"7":{"loc":{"start":{"line":64,"column":20},"end":{"line":64,"column":null}},"type":"binary-expr","locations":[{"start":{"line":64,"column":20},"end":{"line":64,"column":40}},{"start":{"line":64,"column":40},"end":{"line":64,"column":null}}],"line":64},"8":{"loc":{"start":{"line":74,"column":4},"end":{"line":76,"column":null}},"type":"if","locations":[{"start":{"line":74,"column":4},"end":{"line":76,"column":null}},{"start":{},"end":{}}],"line":74}},"s":{"0":1,"1":2,"2":2,"3":2,"4":1,"5":1,"6":1,"7":1,"8":0,"9":0,"10":0,"11":0,"12":0,"13":0,"14":0,"15":0,"16":0,"17":0,"18":0,"19":0,"20":0,"21":0,"22":0,"23":0,"24":0,"25":0,"26":0,"27":0},"f":{"0":2,"1":0},"b":{"0":[1,1],"1":[1,0],"2":[1,0],"3":[0,0],"4":[0,0],"5":[0,0],"6":[0,0],"7":[0,0],"8":[0,0]},"meta":{"lastBranch":9,"lastFunction":2,"lastStatement":28,"seen":{"s:5:21:13:Infinity":0,"f:15:22:15:26":0,"s:16:8:16:Infinity":1,"s:17:29:17:Infinity":2,"b:18:2:18:Infinity:undefined:undefined:undefined:undefined":0,"s:18:2:18:Infinity":3,"s:18:13:18:Infinity":4,"s:20:26:24:Infinity":5,"b:26:2:26:Infinity:undefined:undefined:undefined:undefined":1,"s:26:2:26:Infinity":6,"b:26:6:26:15:26:15:26:22":2,"s:26:22:26:Infinity":7,"s:27:2:27:Infinity":8,"f:30:22:30:26":1,"s:31:8:31:Infinity":9,"s:32:29:32:Infinity":10,"b:33:2:33:Infinity:undefined:undefined:undefined:undefined":3,"s:33:2:33:Infinity":11,"s:33:13:33:Infinity":12,"s:35:2:78:Infinity":13,"s:36:17:36:Infinity":14,"s:37:18:37:Infinity":15,"s:40:35:45:Infinity":16,"b:47:4:47:Infinity:undefined:undefined:undefined:undefined":4,"s:47:4:47:Infinity":17,"s:47:15:47:Infinity":18,"b:50:4:70:Infinity:undefined:undefined:undefined:undefined":5,"s:50:4:70:Infinity":19,"s:51:38:57:Infinity":20,"s:59:12:59:Infinity":21,"b:59:27:59:60:59:60:59:65":6,"s:61:6:67:Infinity":22,"b:64:20:64:40:64:40:64:Infinity":7,"s:69:6:69:Infinity":23,"s:72:4:72:Infinity":24,"b:74:4:76:Infinity:undefined:undefined:undefined:undefined":8,"s:74:4:76:Infinity":25,"s:75:6:75:Infinity":26,"s:77:4:77:Infinity":27}}}
,"/Users/kennethphang/Projects/WriteRight-SG/apps/web/src/app/api/v1/drafts/[draftId]/submit/route.ts": {"path":"/Users/kennethphang/Projects/WriteRight-SG/apps/web/src/app/api/v1/drafts/[draftId]/submit/route.ts","statementMap":{"0":{"start":{"line":5,"column":8},"end":{"line":5,"column":null}},"1":{"start":{"line":6,"column":29},"end":{"line":6,"column":null}},"2":{"start":{"line":7,"column":2},"end":{"line":7,"column":null}},"3":{"start":{"line":7,"column":13},"end":{"line":7,"column":null}},"4":{"start":{"line":10,"column":43},"end":{"line":14,"column":null}},"5":{"start":{"line":16,"column":2},"end":{"line":16,"column":null}},"6":{"start":{"line":16,"column":26},"end":{"line":16,"column":null}},"7":{"start":{"line":17,"column":2},"end":{"line":17,"column":null}},"8":{"start":{"line":17,"column":36},"end":{"line":17,"column":null}},"9":{"start":{"line":20,"column":2},"end":{"line":23,"column":null}},"10":{"start":{"line":26,"column":46},"end":{"line":37,"column":null}},"11":{"start":{"line":39,"column":2},"end":{"line":39,"column":null}},"12":{"start":{"line":39,"column":14},"end":{"line":39,"column":null}},"13":{"start":{"line":41,"column":2},"end":{"line":41,"column":null}}},"fnMap":{"0":{"name":"POST","decl":{"start":{"line":4,"column":22},"end":{"line":4,"column":27}},"loc":{"start":{"line":4,"column":90},"end":{"line":42,"column":null}},"line":4}},"branchMap":{"0":{"loc":{"start":{"line":7,"column":2},"end":{"line":7,"column":null}},"type":"if","locations":[{"start":{"line":7,"column":2},"end":{"line":7,"column":null}},{"start":{},"end":{}}],"line":7},"1":{"loc":{"start":{"line":16,"column":2},"end":{"line":16,"column":null}},"type":"if","locations":[{"start":{"line":16,"column":2},"end":{"line":16,"column":null}},{"start":{},"end":{}}],"line":16},"2":{"loc":{"start":{"line":16,"column":6},"end":{"line":16,"column":26}},"type":"binary-expr","locations":[{"start":{"line":16,"column":6},"end":{"line":16,"column":18}},{"start":{"line":16,"column":18},"end":{"line":16,"column":26}}],"line":16},"3":{"loc":{"start":{"line":17,"column":2},"end":{"line":17,"column":null}},"type":"if","locations":[{"start":{"line":17,"column":2},"end":{"line":17,"column":null}},{"start":{},"end":{}}],"line":17},"4":{"loc":{"start":{"line":39,"column":2},"end":{"line":39,"column":null}},"type":"if","locations":[{"start":{"line":39,"column":2},"end":{"line":39,"column":null}},{"start":{},"end":{}}],"line":39}},"s":{"0":2,"1":2,"2":2,"3":0,"4":2,"5":2,"6":1,"7":1,"8":1,"9":0,"10":0,"11":0,"12":0,"13":0},"f":{"0":2},"b":{"0":[0,2],"1":[1,1],"2":[2,1],"3":[1,0],"4":[0,0]},"meta":{"lastBranch":5,"lastFunction":1,"lastStatement":14,"seen":{"f:4:22:4:27":0,"s:5:8:5:Infinity":0,"s:6:29:6:Infinity":1,"b:7:2:7:Infinity:undefined:undefined:undefined:undefined":0,"s:7:2:7:Infinity":2,"s:7:13:7:Infinity":3,"s:10:43:14:Infinity":4,"b:16:2:16:Infinity:undefined:undefined:undefined:undefined":1,"s:16:2:16:Infinity":5,"b:16:6:16:18:16:18:16:26":2,"s:16:26:16:Infinity":6,"b:17:2:17:Infinity:undefined:undefined:undefined:undefined":3,"s:17:2:17:Infinity":7,"s:17:36:17:Infinity":8,"s:20:2:23:Infinity":9,"s:26:46:37:Infinity":10,"b:39:2:39:Infinity:undefined:undefined:undefined:undefined":4,"s:39:2:39:Infinity":11,"s:39:14:39:Infinity":12,"s:41:2:41:Infinity":13}}}
,"/Users/kennethphang/Projects/WriteRight-SG/apps/web/src/app/api/v1/drafts/[draftId]/versions/route.ts": {"path":"/Users/kennethphang/Projects/WriteRight-SG/apps/web/src/app/api/v1/drafts/[draftId]/versions/route.ts","statementMap":{"0":{"start":{"line":5,"column":8},"end":{"line":5,"column":null}},"1":{"start":{"line":6,"column":29},"end":{"line":6,"column":null}},"2":{"start":{"line":7,"column":2},"end":{"line":7,"column":null}},"3":{"start":{"line":7,"column":13},"end":{"line":7,"column":null}},"4":{"start":{"line":9,"column":26},"end":{"line":13,"column":null}},"5":{"start":{"line":15,"column":2},"end":{"line":15,"column":null}},"6":{"start":{"line":15,"column":13},"end":{"line":15,"column":null}},"7":{"start":{"line":16,"column":2},"end":{"line":16,"column":null}}},"fnMap":{"0":{"name":"GET","decl":{"start":{"line":4,"column":22},"end":{"line":4,"column":26}},"loc":{"start":{"line":4,"column":89},"end":{"line":17,"column":null}},"line":4}},"branchMap":{"0":{"loc":{"start":{"line":7,"column":2},"end":{"line":7,"column":null}},"type":"if","locations":[{"start":{"line":7,"column":2},"end":{"line":7,"column":null}},{"start":{},"end":{}}],"line":7},"1":{"loc":{"start":{"line":15,"column":2},"end":{"line":15,"column":null}},"type":"if","locations":[{"start":{"line":15,"column":2},"end":{"line":15,"column":null}},{"start":{},"end":{}}],"line":15}},"s":{"0":1,"1":1,"2":1,"3":0,"4":1,"5":1,"6":0,"7":1},"f":{"0":1},"b":{"0":[0,1],"1":[0,1]},"meta":{"lastBranch":2,"lastFunction":1,"lastStatement":8,"seen":{"f:4:22:4:26":0,"s:5:8:5:Infinity":0,"s:6:29:6:Infinity":1,"b:7:2:7:Infinity:undefined:undefined:undefined:undefined":0,"s:7:2:7:Infinity":2,"s:7:13:7:Infinity":3,"s:9:26:13:Infinity":4,"b:15:2:15:Infinity:undefined:undefined:undefined:undefined":1,"s:15:2:15:Infinity":5,"s:15:13:15:Infinity":6,"s:16:2:16:Infinity":7}}}
,"/Users/kennethphang/Projects/WriteRight-SG/apps/web/src/app/api/v1/redemptions/[id]/acknowledge/route.ts": {"path":"/Users/kennethphang/Projects/WriteRight-SG/apps/web/src/app/api/v1/redemptions/[id]/acknowledge/route.ts","statementMap":{"0":{"start":{"line":5,"column":8},"end":{"line":5,"column":null}},"1":{"start":{"line":6,"column":29},"end":{"line":6,"column":null}},"2":{"start":{"line":7,"column":2},"end":{"line":7,"column":null}},"3":{"start":{"line":7,"column":13},"end":{"line":7,"column":null}},"4":{"start":{"line":9,"column":31},"end":{"line":13,"column":null}},"5":{"start":{"line":15,"column":2},"end":{"line":15,"column":null}},"6":{"start":{"line":15,"column":19},"end":{"line":15,"column":null}},"7":{"start":{"line":17,"column":2},"end":{"line":19,"column":null}},"8":{"start":{"line":18,"column":4},"end":{"line":18,"column":null}},"9":{"start":{"line":20,"column":26},"end":{"line":25,"column":null}},"10":{"start":{"line":27,"column":2},"end":{"line":27,"column":null}},"11":{"start":{"line":27,"column":13},"end":{"line":27,"column":null}},"12":{"start":{"line":28,"column":2},"end":{"line":28,"column":null}}},"fnMap":{"0":{"name":"POST","decl":{"start":{"line":4,"column":22},"end":{"line":4,"column":27}},"loc":{"start":{"line":4,"column":85},"end":{"line":29,"column":null}},"line":4}},"branchMap":{"0":{"loc":{"start":{"line":7,"column":2},"end":{"line":7,"column":null}},"type":"if","locations":[{"start":{"line":7,"column":2},"end":{"line":7,"column":null}},{"start":{},"end":{}}],"line":7},"1":{"loc":{"start":{"line":15,"column":2},"end":{"line":15,"column":null}},"type":"if","locations":[{"start":{"line":15,"column":2},"end":{"line":15,"column":null}},{"start":{},"end":{}}],"line":15},"2":{"loc":{"start":{"line":17,"column":2},"end":{"line":19,"column":null}},"type":"if","locations":[{"start":{"line":17,"column":2},"end":{"line":19,"column":null}},{"start":{},"end":{}}],"line":17},"3":{"loc":{"start":{"line":27,"column":2},"end":{"line":27,"column":null}},"type":"if","locations":[{"start":{"line":27,"column":2},"end":{"line":27,"column":null}},{"start":{},"end":{}}],"line":27}},"s":{"0":3,"1":3,"2":3,"3":0,"4":3,"5":3,"6":1,"7":2,"8":1,"9":1,"10":1,"11":0,"12":1},"f":{"0":3},"b":{"0":[0,3],"1":[1,2],"2":[1,1],"3":[0,1]},"meta":{"lastBranch":4,"lastFunction":1,"lastStatement":13,"seen":{"f:4:22:4:27":0,"s:5:8:5:Infinity":0,"s:6:29:6:Infinity":1,"b:7:2:7:Infinity:undefined:undefined:undefined:undefined":0,"s:7:2:7:Infinity":2,"s:7:13:7:Infinity":3,"s:9:31:13:Infinity":4,"b:15:2:15:Infinity:undefined:undefined:undefined:undefined":1,"s:15:2:15:Infinity":5,"s:15:19:15:Infinity":6,"b:17:2:19:Infinity:undefined:undefined:undefined:undefined":2,"s:17:2:19:Infinity":7,"s:18:4:18:Infinity":8,"s:20:26:25:Infinity":9,"b:27:2:27:Infinity:undefined:undefined:undefined:undefined":3,"s:27:2:27:Infinity":10,"s:27:13:27:Infinity":11,"s:28:2:28:Infinity":12}}}
,"/Users/kennethphang/Projects/WriteRight-SG/apps/web/src/app/api/v1/redemptions/[id]/confirm/route.ts": {"path":"/Users/kennethphang/Projects/WriteRight-SG/apps/web/src/app/api/v1/redemptions/[id]/confirm/route.ts","statementMap":{"0":{"start":{"line":5,"column":8},"end":{"line":5,"column":null}},"1":{"start":{"line":6,"column":29},"end":{"line":6,"column":null}},"2":{"start":{"line":7,"column":2},"end":{"line":7,"column":null}},"3":{"start":{"line":7,"column":13},"end":{"line":7,"column":null}},"4":{"start":{"line":9,"column":31},"end":{"line":13,"column":null}},"5":{"start":{"line":15,"column":2},"end":{"line":15,"column":null}},"6":{"start":{"line":15,"column":19},"end":{"line":15,"column":null}},"7":{"start":{"line":17,"column":2},"end":{"line":19,"column":null}},"8":{"start":{"line":18,"column":4},"end":{"line":18,"column":null}},"9":{"start":{"line":20,"column":26},"end":{"line":25,"column":null}},"10":{"start":{"line":27,"column":2},"end":{"line":27,"column":null}},"11":{"start":{"line":27,"column":13},"end":{"line":27,"column":null}},"12":{"start":{"line":28,"column":2},"end":{"line":28,"column":null}}},"fnMap":{"0":{"name":"POST","decl":{"start":{"line":4,"column":22},"end":{"line":4,"column":27}},"loc":{"start":{"line":4,"column":85},"end":{"line":29,"column":null}},"line":4}},"branchMap":{"0":{"loc":{"start":{"line":7,"column":2},"end":{"line":7,"column":null}},"type":"if","locations":[{"start":{"line":7,"column":2},"end":{"line":7,"column":null}},{"start":{},"end":{}}],"line":7},"1":{"loc":{"start":{"line":15,"column":2},"end":{"line":15,"column":null}},"type":"if","locations":[{"start":{"line":15,"column":2},"end":{"line":15,"column":null}},{"start":{},"end":{}}],"line":15},"2":{"loc":{"start":{"line":17,"column":2},"end":{"line":19,"column":null}},"type":"if","locations":[{"start":{"line":17,"column":2},"end":{"line":19,"column":null}},{"start":{},"end":{}}],"line":17},"3":{"loc":{"start":{"line":27,"column":2},"end":{"line":27,"column":null}},"type":"if","locations":[{"start":{"line":27,"column":2},"end":{"line":27,"column":null}},{"start":{},"end":{}}],"line":27}},"s":{"0":1,"1":1,"2":1,"3":0,"4":1,"5":1,"6":0,"7":1,"8":1,"9":0,"10":0,"11":0,"12":0},"f":{"0":1},"b":{"0":[0,1],"1":[0,1],"2":[1,0],"3":[0,0]},"meta":{"lastBranch":4,"lastFunction":1,"lastStatement":13,"seen":{"f:4:22:4:27":0,"s:5:8:5:Infinity":0,"s:6:29:6:Infinity":1,"b:7:2:7:Infinity:undefined:undefined:undefined:undefined":0,"s:7:2:7:Infinity":2,"s:7:13:7:Infinity":3,"s:9:31:13:Infinity":4,"b:15:2:15:Infinity:undefined:undefined:undefined:undefined":1,"s:15:2:15:Infinity":5,"s:15:19:15:Infinity":6,"b:17:2:19:Infinity:undefined:undefined:undefined:undefined":2,"s:17:2:19:Infinity":7,"s:18:4:18:Infinity":8,"s:20:26:25:Infinity":9,"b:27:2:27:Infinity:undefined:undefined:undefined:undefined":3,"s:27:2:27:Infinity":10,"s:27:13:27:Infinity":11,"s:28:2:28:Infinity":12}}}
,"/Users/kennethphang/Projects/WriteRight-SG/apps/web/src/app/api/v1/redemptions/[id]/fulfil/route.ts": {"path":"/Users/kennethphang/Projects/WriteRight-SG/apps/web/src/app/api/v1/redemptions/[id]/fulfil/route.ts","statementMap":{"0":{"start":{"line":5,"column":8},"end":{"line":5,"column":null}},"1":{"start":{"line":6,"column":29},"end":{"line":6,"column":null}},"2":{"start":{"line":7,"column":2},"end":{"line":7,"column":null}},"3":{"start":{"line":7,"column":13},"end":{"line":7,"column":null}},"4":{"start":{"line":9,"column":31},"end":{"line":13,"column":null}},"5":{"start":{"line":15,"column":2},"end":{"line":15,"column":null}},"6":{"start":{"line":15,"column":19},"end":{"line":15,"column":null}},"7":{"start":{"line":17,"column":2},"end":{"line":19,"column":null}},"8":{"start":{"line":18,"column":4},"end":{"line":18,"column":null}},"9":{"start":{"line":20,"column":26},"end":{"line":25,"column":null}},"10":{"start":{"line":26,"column":2},"end":{"line":28,"column":null}},"11":{"start":{"line":27,"column":4},"end":{"line":27,"column":null}},"12":{"start":{"line":30,"column":2},"end":{"line":30,"column":null}},"13":{"start":{"line":30,"column":13},"end":{"line":30,"column":null}},"14":{"start":{"line":31,"column":2},"end":{"line":31,"column":null}}},"fnMap":{"0":{"name":"POST","decl":{"start":{"line":4,"column":22},"end":{"line":4,"column":27}},"loc":{"start":{"line":4,"column":85},"end":{"line":32,"column":null}},"line":4}},"branchMap":{"0":{"loc":{"start":{"line":7,"column":2},"end":{"line":7,"column":null}},"type":"if","locations":[{"start":{"line":7,"column":2},"end":{"line":7,"column":null}},{"start":{},"end":{}}],"line":7},"1":{"loc":{"start":{"line":15,"column":2},"end":{"line":15,"column":null}},"type":"if","locations":[{"start":{"line":15,"column":2},"end":{"line":15,"column":null}},{"start":{},"end":{}}],"line":15},"2":{"loc":{"start":{"line":17,"column":2},"end":{"line":19,"column":null}},"type":"if","locations":[{"start":{"line":17,"column":2},"end":{"line":19,"column":null}},{"start":{},"end":{}}],"line":17},"3":{"loc":{"start":{"line":26,"column":2},"end":{"line":28,"column":null}},"type":"if","locations":[{"start":{"line":26,"column":2},"end":{"line":28,"column":null}},{"start":{},"end":{}}],"line":26},"4":{"loc":{"start":{"line":30,"column":2},"end":{"line":30,"column":null}},"type":"if","locations":[{"start":{"line":30,"column":2},"end":{"line":30,"column":null}},{"start":{},"end":{}}],"line":30}},"s":{"0":1,"1":1,"2":1,"3":0,"4":1,"5":1,"6":0,"7":1,"8":1,"9":0,"10":0,"11":0,"12":0,"13":0,"14":0},"f":{"0":1},"b":{"0":[0,1],"1":[0,1],"2":[1,0],"3":[0,0],"4":[0,0]},"meta":{"lastBranch":5,"lastFunction":1,"lastStatement":15,"seen":{"f:4:22:4:27":0,"s:5:8:5:Infinity":0,"s:6:29:6:Infinity":1,"b:7:2:7:Infinity:undefined:undefined:undefined:undefined":0,"s:7:2:7:Infinity":2,"s:7:13:7:Infinity":3,"s:9:31:13:Infinity":4,"b:15:2:15:Infinity:undefined:undefined:undefined:undefined":1,"s:15:2:15:Infinity":5,"s:15:19:15:Infinity":6,"b:17:2:19:Infinity:undefined:undefined:undefined:undefined":2,"s:17:2:19:Infinity":7,"s:18:4:18:Infinity":8,"s:20:26:25:Infinity":9,"b:26:2:28:Infinity:undefined:undefined:undefined:undefined":3,"s:26:2:28:Infinity":10,"s:27:4:27:Infinity":11,"b:30:2:30:Infinity:undefined:undefined:undefined:undefined":4,"s:30:2:30:Infinity":12,"s:30:13:30:Infinity":13,"s:31:2:31:Infinity":14}}}
,"/Users/kennethphang/Projects/WriteRight-SG/apps/web/src/app/api/v1/redemptions/[id]/nudge/route.ts": {"path":"/Users/kennethphang/Projects/WriteRight-SG/apps/web/src/app/api/v1/redemptions/[id]/nudge/route.ts","statementMap":{"0":{"start":{"line":5,"column":8},"end":{"line":5,"column":null}},"1":{"start":{"line":6,"column":29},"end":{"line":6,"column":null}},"2":{"start":{"line":7,"column":2},"end":{"line":7,"column":null}},"3":{"start":{"line":7,"column":13},"end":{"line":7,"column":null}},"4":{"start":{"line":9,"column":31},"end":{"line":13,"column":null}},"5":{"start":{"line":15,"column":2},"end":{"line":15,"column":null}},"6":{"start":{"line":15,"column":19},"end":{"line":15,"column":null}},"7":{"start":{"line":17,"column":2},"end":{"line":19,"column":null}},"8":{"start":{"line":18,"column":4},"end":{"line":18,"column":null}},"9":{"start":{"line":21,"column":26},"end":{"line":25,"column":null}},"10":{"start":{"line":26,"column":2},"end":{"line":26,"column":null}},"11":{"start":{"line":26,"column":13},"end":{"line":26,"column":null}},"12":{"start":{"line":27,"column":2},"end":{"line":27,"column":null}}},"fnMap":{"0":{"name":"POST","decl":{"start":{"line":4,"column":22},"end":{"line":4,"column":27}},"loc":{"start":{"line":4,"column":85},"end":{"line":28,"column":null}},"line":4}},"branchMap":{"0":{"loc":{"start":{"line":7,"column":2},"end":{"line":7,"column":null}},"type":"if","locations":[{"start":{"line":7,"column":2},"end":{"line":7,"column":null}},{"start":{},"end":{}}],"line":7},"1":{"loc":{"start":{"line":15,"column":2},"end":{"line":15,"column":null}},"type":"if","locations":[{"start":{"line":15,"column":2},"end":{"line":15,"column":null}},{"start":{},"end":{}}],"line":15},"2":{"loc":{"start":{"line":17,"column":2},"end":{"line":19,"column":null}},"type":"if","locations":[{"start":{"line":17,"column":2},"end":{"line":19,"column":null}},{"start":{},"end":{}}],"line":17},"3":{"loc":{"start":{"line":26,"column":2},"end":{"line":26,"column":null}},"type":"if","locations":[{"start":{"line":26,"column":2},"end":{"line":26,"column":null}},{"start":{},"end":{}}],"line":26},"4":{"loc":{"start":{"line":26,"column":47},"end":{"line":26,"column":74}},"type":"binary-expr","locations":[{"start":{"line":26,"column":47},"end":{"line":26,"column":65}},{"start":{"line":26,"column":65},"end":{"line":26,"column":74}}],"line":26}},"s":{"0":1,"1":1,"2":1,"3":0,"4":1,"5":1,"6":0,"7":1,"8":1,"9":0,"10":0,"11":0,"12":0},"f":{"0":1},"b":{"0":[0,1],"1":[0,1],"2":[1,0],"3":[0,0],"4":[0,0]},"meta":{"lastBranch":5,"lastFunction":1,"lastStatement":13,"seen":{"f:4:22:4:27":0,"s:5:8:5:Infinity":0,"s:6:29:6:Infinity":1,"b:7:2:7:Infinity:undefined:undefined:undefined:undefined":0,"s:7:2:7:Infinity":2,"s:7:13:7:Infinity":3,"s:9:31:13:Infinity":4,"b:15:2:15:Infinity:undefined:undefined:undefined:undefined":1,"s:15:2:15:Infinity":5,"s:15:19:15:Infinity":6,"b:17:2:19:Infinity:undefined:undefined:undefined:undefined":2,"s:17:2:19:Infinity":7,"s:18:4:18:Infinity":8,"s:21:26:25:Infinity":9,"b:26:2:26:Infinity:undefined:undefined:undefined:undefined":3,"s:26:2:26:Infinity":10,"s:26:13:26:Infinity":11,"b:26:47:26:65:26:65:26:74":4,"s:27:2:27:Infinity":12}}}
,"/Users/kennethphang/Projects/WriteRight-SG/apps/web/src/app/api/v1/redemptions/[id]/reschedule/route.ts": {"path":"/Users/kennethphang/Projects/WriteRight-SG/apps/web/src/app/api/v1/redemptions/[id]/reschedule/route.ts","statementMap":{"0":{"start":{"line":5,"column":8},"end":{"line":5,"column":null}},"1":{"start":{"line":6,"column":29},"end":{"line":6,"column":null}},"2":{"start":{"line":7,"column":2},"end":{"line":7,"column":null}},"3":{"start":{"line":7,"column":13},"end":{"line":7,"column":null}},"4":{"start":{"line":9,"column":31},"end":{"line":13,"column":null}},"5":{"start":{"line":15,"column":2},"end":{"line":15,"column":null}},"6":{"start":{"line":15,"column":19},"end":{"line":15,"column":null}},"7":{"start":{"line":17,"column":15},"end":{"line":17,"column":null}},"8":{"start":{"line":18,"column":22},"end":{"line":18,"column":null}},"9":{"start":{"line":19,"column":2},"end":{"line":19,"column":null}},"10":{"start":{"line":19,"column":20},"end":{"line":19,"column":null}},"11":{"start":{"line":20,"column":26},"end":{"line":25,"column":null}},"12":{"start":{"line":27,"column":2},"end":{"line":27,"column":null}},"13":{"start":{"line":27,"column":13},"end":{"line":27,"column":null}},"14":{"start":{"line":28,"column":2},"end":{"line":28,"column":null}}},"fnMap":{"0":{"name":"POST","decl":{"start":{"line":4,"column":22},"end":{"line":4,"column":27}},"loc":{"start":{"line":4,"column":85},"end":{"line":29,"column":null}},"line":4}},"branchMap":{"0":{"loc":{"start":{"line":7,"column":2},"end":{"line":7,"column":null}},"type":"if","locations":[{"start":{"line":7,"column":2},"end":{"line":7,"column":null}},{"start":{},"end":{}}],"line":7},"1":{"loc":{"start":{"line":15,"column":2},"end":{"line":15,"column":null}},"type":"if","locations":[{"start":{"line":15,"column":2},"end":{"line":15,"column":null}},{"start":{},"end":{}}],"line":15},"2":{"loc":{"start":{"line":19,"column":2},"end":{"line":19,"column":null}},"type":"if","locations":[{"start":{"line":19,"column":2},"end":{"line":19,"column":null}},{"start":{},"end":{}}],"line":19},"3":{"loc":{"start":{"line":27,"column":2},"end":{"line":27,"column":null}},"type":"if","locations":[{"start":{"line":27,"column":2},"end":{"line":27,"column":null}},{"start":{},"end":{}}],"line":27}},"s":{"0":1,"1":1,"2":1,"3":0,"4":1,"5":1,"6":0,"7":1,"8":1,"9":1,"10":1,"11":0,"12":0,"13":0,"14":0},"f":{"0":1},"b":{"0":[0,1],"1":[0,1],"2":[1,0],"3":[0,0]},"meta":{"lastBranch":4,"lastFunction":1,"lastStatement":15,"seen":{"f:4:22:4:27":0,"s:5:8:5:Infinity":0,"s:6:29:6:Infinity":1,"b:7:2:7:Infinity:undefined:undefined:undefined:undefined":0,"s:7:2:7:Infinity":2,"s:7:13:7:Infinity":3,"s:9:31:13:Infinity":4,"b:15:2:15:Infinity:undefined:undefined:undefined:undefined":1,"s:15:2:15:Infinity":5,"s:15:19:15:Infinity":6,"s:17:15:17:Infinity":7,"s:18:22:18:Infinity":8,"b:19:2:19:Infinity:undefined:undefined:undefined:undefined":2,"s:19:2:19:Infinity":9,"s:19:20:19:Infinity":10,"s:20:26:25:Infinity":11,"b:27:2:27:Infinity:undefined:undefined:undefined:undefined":3,"s:27:2:27:Infinity":12,"s:27:13:27:Infinity":13,"s:28:2:28:Infinity":14}}}
,"/Users/kennethphang/Projects/WriteRight-SG/apps/web/src/app/api/v1/redemptions/[id]/withdraw/route.ts": {"path":"/Users/kennethphang/Projects/WriteRight-SG/apps/web/src/app/api/v1/redemptions/[id]/withdraw/route.ts","statementMap":{"0":{"start":{"line":5,"column":8},"end":{"line":5,"column":null}},"1":{"start":{"line":6,"column":29},"end":{"line":6,"column":null}},"2":{"start":{"line":7,"column":2},"end":{"line":7,"column":null}},"3":{"start":{"line":7,"column":13},"end":{"line":7,"column":null}},"4":{"start":{"line":9,"column":31},"end":{"line":13,"column":null}},"5":{"start":{"line":15,"column":2},"end":{"line":15,"column":null}},"6":{"start":{"line":15,"column":19},"end":{"line":15,"column":null}},"7":{"start":{"line":17,"column":26},"end":{"line":22,"column":null}},"8":{"start":{"line":23,"column":2},"end":{"line":25,"column":null}},"9":{"start":{"line":24,"column":4},"end":{"line":24,"column":null}},"10":{"start":{"line":27,"column":2},"end":{"line":27,"column":null}},"11":{"start":{"line":27,"column":13},"end":{"line":27,"column":null}},"12":{"start":{"line":28,"column":2},"end":{"line":28,"column":null}}},"fnMap":{"0":{"name":"POST","decl":{"start":{"line":4,"column":22},"end":{"line":4,"column":27}},"loc":{"start":{"line":4,"column":85},"end":{"line":29,"column":null}},"line":4}},"branchMap":{"0":{"loc":{"start":{"line":7,"column":2},"end":{"line":7,"column":null}},"type":"if","locations":[{"start":{"line":7,"column":2},"end":{"line":7,"column":null}},{"start":{},"end":{}}],"line":7},"1":{"loc":{"start":{"line":15,"column":2},"end":{"line":15,"column":null}},"type":"if","locations":[{"start":{"line":15,"column":2},"end":{"line":15,"column":null}},{"start":{},"end":{}}],"line":15},"2":{"loc":{"start":{"line":23,"column":2},"end":{"line":25,"column":null}},"type":"if","locations":[{"start":{"line":23,"column":2},"end":{"line":25,"column":null}},{"start":{},"end":{}}],"line":23},"3":{"loc":{"start":{"line":27,"column":2},"end":{"line":27,"column":null}},"type":"if","locations":[{"start":{"line":27,"column":2},"end":{"line":27,"column":null}},{"start":{},"end":{}}],"line":27}},"s":{"0":1,"1":1,"2":1,"3":0,"4":1,"5":1,"6":0,"7":1,"8":1,"9":1,"10":1,"11":0,"12":1},"f":{"0":1},"b":{"0":[0,1],"1":[0,1],"2":[1,0],"3":[0,1]},"meta":{"lastBranch":4,"lastFunction":1,"lastStatement":13,"seen":{"f:4:22:4:27":0,"s:5:8:5:Infinity":0,"s:6:29:6:Infinity":1,"b:7:2:7:Infinity:undefined:undefined:undefined:undefined":0,"s:7:2:7:Infinity":2,"s:7:13:7:Infinity":3,"s:9:31:13:Infinity":4,"b:15:2:15:Infinity:undefined:undefined:undefined:undefined":1,"s:15:2:15:Infinity":5,"s:15:19:15:Infinity":6,"s:17:26:22:Infinity":7,"b:23:2:25:Infinity:undefined:undefined:undefined:undefined":2,"s:23:2:25:Infinity":8,"s:24:4:24:Infinity":9,"b:27:2:27:Infinity:undefined:undefined:undefined:undefined":3,"s:27:2:27:Infinity":10,"s:27:13:27:Infinity":11,"s:28:2:28:Infinity":12}}}
,"/Users/kennethphang/Projects/WriteRight-SG/apps/web/src/app/api/v1/submissions/route.ts": {"path":"/Users/kennethphang/Projects/WriteRight-SG/apps/web/src/app/api/v1/submissions/route.ts","statementMap":{"0":{"start":{"line":5,"column":8},"end":{"line":5,"column":null}},"1":{"start":{"line":6,"column":29},"end":{"line":6,"column":null}},"2":{"start":{"line":7,"column":2},"end":{"line":7,"column":null}},"3":{"start":{"line":7,"column":13},"end":{"line":7,"column":null}},"4":{"start":{"line":9,"column":27},"end":{"line":9,"column":null}},"5":{"start":{"line":10,"column":23},"end":{"line":10,"column":null}},"6":{"start":{"line":11,"column":17},"end":{"line":11,"column":null}},"7":{"start":{"line":13,"column":14},"end":{"line":13,"column":null}},"8":{"start":{"line":14,"column":2},"end":{"line":14,"column":null}},"9":{"start":{"line":14,"column":20},"end":{"line":14,"column":null}},"10":{"start":{"line":15,"column":2},"end":{"line":15,"column":null}},"11":{"start":{"line":15,"column":14},"end":{"line":15,"column":null}},"12":{"start":{"line":17,"column":26},"end":{"line":17,"column":null}},"13":{"start":{"line":18,"column":2},"end":{"line":18,"column":null}},"14":{"start":{"line":18,"column":13},"end":{"line":18,"column":null}},"15":{"start":{"line":19,"column":2},"end":{"line":19,"column":null}},"16":{"start":{"line":23,"column":8},"end":{"line":23,"column":null}},"17":{"start":{"line":24,"column":29},"end":{"line":24,"column":null}},"18":{"start":{"line":25,"column":2},"end":{"line":25,"column":null}},"19":{"start":{"line":25,"column":13},"end":{"line":25,"column":null}},"20":{"start":{"line":27,"column":15},"end":{"line":27,"column":null}},"21":{"start":{"line":28,"column":26},"end":{"line":32,"column":null}},"22":{"start":{"line":34,"column":2},"end":{"line":34,"column":null}},"23":{"start":{"line":34,"column":13},"end":{"line":34,"column":null}},"24":{"start":{"line":35,"column":2},"end":{"line":35,"column":null}}},"fnMap":{"0":{"name":"GET","decl":{"start":{"line":4,"column":22},"end":{"line":4,"column":26}},"loc":{"start":{"line":4,"column":44},"end":{"line":20,"column":null}},"line":4},"1":{"name":"POST","decl":{"start":{"line":22,"column":22},"end":{"line":22,"column":27}},"loc":{"start":{"line":22,"column":45},"end":{"line":36,"column":null}},"line":22}},"branchMap":{"0":{"loc":{"start":{"line":7,"column":2},"end":{"line":7,"column":null}},"type":"if","locations":[{"start":{"line":7,"column":2},"end":{"line":7,"column":null}},{"start":{},"end":{}}],"line":7},"1":{"loc":{"start":{"line":14,"column":2},"end":{"line":14,"column":null}},"type":"if","locations":[{"start":{"line":14,"column":2},"end":{"line":14,"column":null}},{"start":{},"end":{}}],"line":14},"2":{"loc":{"start":{"line":15,"column":2},"end":{"line":15,"column":null}},"type":"if","locations":[{"start":{"line":15,"column":2},"end":{"line":15,"column":null}},{"start":{},"end":{}}],"line":15},"3":{"loc":{"start":{"line":18,"column":2},"end":{"line":18,"column":null}},"type":"if","locations":[{"start":{"line":18,"column":2},"end":{"line":18,"column":null}},{"start":{},"end":{}}],"line":18},"4":{"loc":{"start":{"line":25,"column":2},"end":{"line":25,"column":null}},"type":"if","locations":[{"start":{"line":25,"column":2},"end":{"line":25,"column":null}},{"start":{},"end":{}}],"line":25},"5":{"loc":{"start":{"line":30,"column":16},"end":{"line":30,"column":null}},"type":"binary-expr","locations":[{"start":{"line":30,"column":16},"end":{"line":30,"column":34}},{"start":{"line":30,"column":34},"end":{"line":30,"column":null}}],"line":30},"6":{"loc":{"start":{"line":34,"column":2},"end":{"line":34,"column":null}},"type":"if","locations":[{"start":{"line":34,"column":2},"end":{"line":34,"column":null}},{"start":{},"end":{}}],"line":34}},"s":{"0":2,"1":2,"2":2,"3":1,"4":1,"5":1,"6":1,"7":1,"8":1,"9":0,"10":1,"11":1,"12":1,"13":1,"14":1,"15":1,"16":2,"17":2,"18":2,"19":1,"20":1,"21":1,"22":1,"23":1,"24":1},"f":{"0":2,"1":2},"b":{"0":[1,1],"1":[0,1],"2":[0,1],"3":[0,1],"4":[1,1],"5":[1,0],"6":[0,1]},"meta":{"lastBranch":7,"lastFunction":2,"lastStatement":25,"seen":{"f:4:22:4:26":0,"s:5:8:5:Infinity":0,"s:6:29:6:Infinity":1,"b:7:2:7:Infinity:undefined:undefined:undefined:undefined":0,"s:7:2:7:Infinity":2,"s:7:13:7:Infinity":3,"s:9:27:9:Infinity":4,"s:10:23:10:Infinity":5,"s:11:17:11:Infinity":6,"s:13:14:13:Infinity":7,"b:14:2:14:Infinity:undefined:undefined:undefined:undefined":1,"s:14:2:14:Infinity":8,"s:14:20:14:Infinity":9,"b:15:2:15:Infinity:undefined:undefined:undefined:undefined":2,"s:15:2:15:Infinity":10,"s:15:14:15:Infinity":11,"s:17:26:17:Infinity":12,"b:18:2:18:Infinity:undefined:undefined:undefined:undefined":3,"s:18:2:18:Infinity":13,"s:18:13:18:Infinity":14,"s:19:2:19:Infinity":15,"f:22:22:22:27":1,"s:23:8:23:Infinity":16,"s:24:29:24:Infinity":17,"b:25:2:25:Infinity:undefined:undefined:undefined:undefined":4,"s:25:2:25:Infinity":18,"s:25:13:25:Infinity":19,"s:27:15:27:Infinity":20,"s:28:26:32:Infinity":21,"b:30:16:30:34:30:34:30:Infinity":5,"b:34:2:34:Infinity:undefined:undefined:undefined:undefined":6,"s:34:2:34:Infinity":22,"s:34:13:34:Infinity":23,"s:35:2:35:Infinity":24}}}
,"/Users/kennethphang/Projects/WriteRight-SG/apps/web/src/app/api/v1/wishlist/items/[itemId]/claim/route.ts": {"path":"/Users/kennethphang/Projects/WriteRight-SG/apps/web/src/app/api/v1/wishlist/items/[itemId]/claim/route.ts","statementMap":{"0":{"start":{"line":5,"column":8},"end":{"line":5,"column":null}},"1":{"start":{"line":6,"column":29},"end":{"line":6,"column":null}},"2":{"start":{"line":7,"column":2},"end":{"line":7,"column":null}},"3":{"start":{"line":7,"column":13},"end":{"line":7,"column":null}},"4":{"start":{"line":9,"column":25},"end":{"line":13,"column":null}},"5":{"start":{"line":15,"column":2},"end":{"line":15,"column":null}},"6":{"start":{"line":15,"column":13},"end":{"line":15,"column":null}},"7":{"start":{"line":16,"column":2},"end":{"line":18,"column":null}},"8":{"start":{"line":17,"column":4},"end":{"line":17,"column":null}},"9":{"start":{"line":21,"column":2},"end":{"line":30,"column":null}},"10":{"start":{"line":22,"column":26},"end":{"line":27,"column":null}},"11":{"start":{"line":29,"column":4},"end":{"line":29,"column":null}},"12":{"start":{"line":29,"column":14},"end":{"line":29,"column":null}},"13":{"start":{"line":32,"column":8},"end":{"line":32,"column":null}},"14":{"start":{"line":33,"column":2},"end":{"line":33,"column":null}},"15":{"start":{"line":36,"column":38},"end":{"line":45,"column":null}},"16":{"start":{"line":47,"column":2},"end":{"line":47,"column":null}},"17":{"start":{"line":47,"column":13},"end":{"line":47,"column":null}},"18":{"start":{"line":48,"column":2},"end":{"line":48,"column":null}}},"fnMap":{"0":{"name":"POST","decl":{"start":{"line":4,"column":22},"end":{"line":4,"column":27}},"loc":{"start":{"line":4,"column":89},"end":{"line":49,"column":null}},"line":4}},"branchMap":{"0":{"loc":{"start":{"line":7,"column":2},"end":{"line":7,"column":null}},"type":"if","locations":[{"start":{"line":7,"column":2},"end":{"line":7,"column":null}},{"start":{},"end":{}}],"line":7},"1":{"loc":{"start":{"line":15,"column":2},"end":{"line":15,"column":null}},"type":"if","locations":[{"start":{"line":15,"column":2},"end":{"line":15,"column":null}},{"start":{},"end":{}}],"line":15},"2":{"loc":{"start":{"line":16,"column":2},"end":{"line":18,"column":null}},"type":"if","locations":[{"start":{"line":16,"column":2},"end":{"line":18,"column":null}},{"start":{},"end":{}}],"line":16},"3":{"loc":{"start":{"line":21,"column":2},"end":{"line":30,"column":null}},"type":"if","locations":[{"start":{"line":21,"column":2},"end":{"line":30,"column":null}},{"start":{},"end":{}}],"line":21},"4":{"loc":{"start":{"line":29,"column":4},"end":{"line":29,"column":null}},"type":"if","locations":[{"start":{"line":29,"column":4},"end":{"line":29,"column":null}},{"start":{},"end":{}}],"line":29},"5":{"loc":{"start":{"line":47,"column":2},"end":{"line":47,"column":null}},"type":"if","locations":[{"start":{"line":47,"column":2},"end":{"line":47,"column":null}},{"start":{},"end":{}}],"line":47}},"s":{"0":2,"1":2,"2":2,"3":0,"4":2,"5":2,"6":1,"7":1,"8":1,"9":0,"10":0,"11":0,"12":0,"13":0,"14":0,"15":0,"16":0,"17":0,"18":0},"f":{"0":2},"b":{"0":[0,2],"1":[1,1],"2":[1,0],"3":[0,0],"4":[0,0],"5":[0,0]},"meta":{"lastBranch":6,"lastFunction":1,"lastStatement":19,"seen":{"f:4:22:4:27":0,"s:5:8:5:Infinity":0,"s:6:29:6:Infinity":1,"b:7:2:7:Infinity:undefined:undefined:undefined:undefined":0,"s:7:2:7:Infinity":2,"s:7:13:7:Infinity":3,"s:9:25:13:Infinity":4,"b:15:2:15:Infinity:undefined:undefined:undefined:undefined":1,"s:15:2:15:Infinity":5,"s:15:13:15:Infinity":6,"b:16:2:18:Infinity:undefined:undefined:undefined:undefined":2,"s:16:2:18:Infinity":7,"s:17:4:17:Infinity":8,"b:21:2:30:Infinity:undefined:undefined:undefined:undefined":3,"s:21:2:30:Infinity":9,"s:22:26:27:Infinity":10,"b:29:4:29:Infinity:undefined:undefined:undefined:undefined":4,"s:29:4:29:Infinity":11,"s:29:14:29:Infinity":12,"s:32:8:32:Infinity":13,"s:33:2:33:Infinity":14,"s:36:38:45:Infinity":15,"b:47:2:47:Infinity:undefined:undefined:undefined:undefined":5,"s:47:2:47:Infinity":16,"s:47:13:47:Infinity":17,"s:48:2:48:Infinity":18}}}
,"/Users/kennethphang/Projects/WriteRight-SG/apps/web/src/app/api/v1/wishlist/students/[studentId]/route.ts": {"path":"/Users/kennethphang/Projects/WriteRight-SG/apps/web/src/app/api/v1/wishlist/students/[studentId]/route.ts","statementMap":{"0":{"start":{"line":5,"column":8},"end":{"line":5,"column":null}},"1":{"start":{"line":6,"column":29},"end":{"line":6,"column":null}},"2":{"start":{"line":7,"column":2},"end":{"line":7,"column":null}},"3":{"start":{"line":7,"column":13},"end":{"line":7,"column":null}},"4":{"start":{"line":9,"column":26},"end":{"line":13,"column":null}},"5":{"start":{"line":15,"column":2},"end":{"line":15,"column":null}},"6":{"start":{"line":15,"column":13},"end":{"line":15,"column":null}},"7":{"start":{"line":16,"column":2},"end":{"line":16,"column":null}},"8":{"start":{"line":20,"column":8},"end":{"line":20,"column":null}},"9":{"start":{"line":21,"column":29},"end":{"line":21,"column":null}},"10":{"start":{"line":22,"column":2},"end":{"line":22,"column":null}},"11":{"start":{"line":22,"column":13},"end":{"line":22,"column":null}},"12":{"start":{"line":24,"column":15},"end":{"line":24,"column":null}},"13":{"start":{"line":25,"column":26},"end":{"line":35,"column":null}},"14":{"start":{"line":37,"column":2},"end":{"line":37,"column":null}},"15":{"start":{"line":37,"column":13},"end":{"line":37,"column":null}},"16":{"start":{"line":38,"column":2},"end":{"line":38,"column":null}}},"fnMap":{"0":{"name":"GET","decl":{"start":{"line":4,"column":22},"end":{"line":4,"column":26}},"loc":{"start":{"line":4,"column":91},"end":{"line":17,"column":null}},"line":4},"1":{"name":"POST","decl":{"start":{"line":19,"column":22},"end":{"line":19,"column":27}},"loc":{"start":{"line":19,"column":92},"end":{"line":39,"column":null}},"line":19}},"branchMap":{"0":{"loc":{"start":{"line":7,"column":2},"end":{"line":7,"column":null}},"type":"if","locations":[{"start":{"line":7,"column":2},"end":{"line":7,"column":null}},{"start":{},"end":{}}],"line":7},"1":{"loc":{"start":{"line":15,"column":2},"end":{"line":15,"column":null}},"type":"if","locations":[{"start":{"line":15,"column":2},"end":{"line":15,"column":null}},{"start":{},"end":{}}],"line":15},"2":{"loc":{"start":{"line":22,"column":2},"end":{"line":22,"column":null}},"type":"if","locations":[{"start":{"line":22,"column":2},"end":{"line":22,"column":null}},{"start":{},"end":{}}],"line":22},"3":{"loc":{"start":{"line":27,"column":16},"end":{"line":27,"column":null}},"type":"binary-expr","locations":[{"start":{"line":27,"column":16},"end":{"line":27,"column":34}},{"start":{"line":27,"column":34},"end":{"line":27,"column":null}}],"line":27},"4":{"loc":{"start":{"line":29,"column":17},"end":{"line":29,"column":null}},"type":"binary-expr","locations":[{"start":{"line":29,"column":17},"end":{"line":29,"column":37}},{"start":{"line":29,"column":37},"end":{"line":29,"column":null}}],"line":29},"5":{"loc":{"start":{"line":30,"column":15},"end":{"line":30,"column":null}},"type":"binary-expr","locations":[{"start":{"line":30,"column":15},"end":{"line":30,"column":32}},{"start":{"line":30,"column":32},"end":{"line":30,"column":null}}],"line":30},"6":{"loc":{"start":{"line":31,"column":17},"end":{"line":31,"column":null}},"type":"binary-expr","locations":[{"start":{"line":31,"column":17},"end":{"line":31,"column":36}},{"start":{"line":31,"column":36},"end":{"line":31,"column":null}}],"line":31},"7":{"loc":{"start":{"line":32,"column":29},"end":{"line":32,"column":null}},"type":"binary-expr","locations":[{"start":{"line":32,"column":29},"end":{"line":32,"column":59}},{"start":{"line":32,"column":59},"end":{"line":32,"column":null}}],"line":32},"8":{"loc":{"start":{"line":33,"column":17},"end":{"line":33,"column":null}},"type":"binary-expr","locations":[{"start":{"line":33,"column":17},"end":{"line":33,"column":36}},{"start":{"line":33,"column":36},"end":{"line":33,"column":null}}],"line":33},"9":{"loc":{"start":{"line":34,"column":12},"end":{"line":34,"column":null}},"type":"cond-expr","locations":[{"start":{"line":34,"column":42},"end":{"line":34,"column":53}},{"start":{"line":34,"column":53},"end":{"line":34,"column":null}}],"line":34},"10":{"loc":{"start":{"line":37,"column":2},"end":{"line":37,"column":null}},"type":"if","locations":[{"start":{"line":37,"column":2},"end":{"line":37,"column":null}},{"start":{},"end":{}}],"line":37}},"s":{"0":2,"1":2,"2":2,"3":1,"4":1,"5":1,"6":0,"7":1,"8":1,"9":1,"10":1,"11":0,"12":1,"13":1,"14":1,"15":0,"16":1},"f":{"0":2,"1":1},"b":{"0":[1,1],"1":[0,1],"2":[0,1],"3":[1,1],"4":[1,1],"5":[1,1],"6":[1,0],"7":[1,1],"8":[1,1],"9":[0,1],"10":[0,1]},"meta":{"lastBranch":11,"lastFunction":2,"lastStatement":17,"seen":{"f:4:22:4:26":0,"s:5:8:5:Infinity":0,"s:6:29:6:Infinity":1,"b:7:2:7:Infinity:undefined:undefined:undefined:undefined":0,"s:7:2:7:Infinity":2,"s:7:13:7:Infinity":3,"s:9:26:13:Infinity":4,"b:15:2:15:Infinity:undefined:undefined:undefined:undefined":1,"s:15:2:15:Infinity":5,"s:15:13:15:Infinity":6,"s:16:2:16:Infinity":7,"f:19:22:19:27":1,"s:20:8:20:Infinity":8,"s:21:29:21:Infinity":9,"b:22:2:22:Infinity:undefined:undefined:undefined:undefined":2,"s:22:2:22:Infinity":10,"s:22:13:22:Infinity":11,"s:24:15:24:Infinity":12,"s:25:26:35:Infinity":13,"b:27:16:27:34:27:34:27:Infinity":3,"b:29:17:29:37:29:37:29:Infinity":4,"b:30:15:30:32:30:32:30:Infinity":5,"b:31:17:31:36:31:36:31:Infinity":6,"b:32:29:32:59:32:59:32:Infinity":7,"b:33:17:33:36:33:36:33:Infinity":8,"b:34:42:34:53:34:53:34:Infinity":9,"b:37:2:37:Infinity:undefined:undefined:undefined:undefined":10,"s:37:2:37:Infinity":14,"s:37:13:37:Infinity":15,"s:38:2:38:Infinity":16}}}
,"/Users/kennethphang/Projects/WriteRight-SG/apps/web/src/lib/utils/format.ts": {"path":"/Users/kennethphang/Projects/WriteRight-SG/apps/web/src/lib/utils/format.ts","statementMap":{"0":{"start":{"line":5,"column":2},"end":{"line":5,"column":null}},"1":{"start":{"line":12,"column":2},"end":{"line":12,"column":null}},"2":{"start":{"line":12,"column":18},"end":{"line":12,"column":null}},"3":{"start":{"line":13,"column":2},"end":{"line":13,"column":null}},"4":{"start":{"line":20,"column":41},"end":{"line":27,"column":null}},"5":{"start":{"line":28,"column":2},"end":{"line":28,"column":null}},"6":{"start":{"line":35,"column":2},"end":{"line":35,"column":null}},"7":{"start":{"line":42,"column":15},"end":{"line":42,"column":null}},"8":{"start":{"line":43,"column":14},"end":{"line":43,"column":null}},"9":{"start":{"line":44,"column":17},"end":{"line":44,"column":null}},"10":{"start":{"line":45,"column":19},"end":{"line":45,"column":null}},"11":{"start":{"line":46,"column":20},"end":{"line":46,"column":null}},"12":{"start":{"line":47,"column":19},"end":{"line":47,"column":null}},"13":{"start":{"line":49,"column":2},"end":{"line":49,"column":null}},"14":{"start":{"line":49,"column":20},"end":{"line":49,"column":null}},"15":{"start":{"line":50,"column":2},"end":{"line":50,"column":null}},"16":{"start":{"line":50,"column":21},"end":{"line":50,"column":null}},"17":{"start":{"line":51,"column":2},"end":{"line":51,"column":null}},"18":{"start":{"line":51,"column":22},"end":{"line":51,"column":null}},"19":{"start":{"line":52,"column":2},"end":{"line":52,"column":null}},"20":{"start":{"line":52,"column":20},"end":{"line":52,"column":null}},"21":{"start":{"line":53,"column":2},"end":{"line":53,"column":null}},"22":{"start":{"line":60,"column":64},"end":{"line":68,"column":null}},"23":{"start":{"line":69,"column":2},"end":{"line":69,"column":null}},"24":{"start":{"line":76,"column":41},"end":{"line":84,"column":null}},"25":{"start":{"line":85,"column":2},"end":{"line":85,"column":null}}},"fnMap":{"0":{"name":"formatScore","decl":{"start":{"line":4,"column":16},"end":{"line":4,"column":28}},"loc":{"start":{"line":4,"column":69},"end":{"line":6,"column":null}},"line":4},"1":{"name":"formatBand","decl":{"start":{"line":11,"column":16},"end":{"line":11,"column":27}},"loc":{"start":{"line":11,"column":49},"end":{"line":14,"column":null}},"line":11},"2":{"name":"getBandColor","decl":{"start":{"line":19,"column":16},"end":{"line":19,"column":29}},"loc":{"start":{"line":19,"column":51},"end":{"line":29,"column":null}},"line":19},"3":{"name":"formatConfidence","decl":{"start":{"line":34,"column":16},"end":{"line":34,"column":33}},"loc":{"start":{"line":34,"column":61},"end":{"line":36,"column":null}},"line":34},"4":{"name":"formatRelativeDate","decl":{"start":{"line":41,"column":16},"end":{"line":41,"column":35}},"loc":{"start":{"line":41,"column":60},"end":{"line":54,"column":null}},"line":41},"5":{"name":"formatStatus","decl":{"start":{"line":59,"column":16},"end":{"line":59,"column":29}},"loc":{"start":{"line":59,"column":79},"end":{"line":70,"column":null}},"line":59},"6":{"name":"getRewardEmoji","decl":{"start":{"line":75,"column":16},"end":{"line":75,"column":31}},"loc":{"start":{"line":75,"column":53},"end":{"line":86,"column":null}},"line":75}},"branchMap":{"0":{"loc":{"start":{"line":12,"column":2},"end":{"line":12,"column":null}},"type":"if","locations":[{"start":{"line":12,"column":2},"end":{"line":12,"column":null}},{"start":{},"end":{}}],"line":12},"1":{"loc":{"start":{"line":28,"column":9},"end":{"line":28,"column":null}},"type":"binary-expr","locations":[{"start":{"line":28,"column":9},"end":{"line":28,"column":25}},{"start":{"line":28,"column":25},"end":{"line":28,"column":null}}],"line":28},"2":{"loc":{"start":{"line":49,"column":2},"end":{"line":49,"column":null}},"type":"if","locations":[{"start":{"line":49,"column":2},"end":{"line":49,"column":null}},{"start":{},"end":{}}],"line":49},"3":{"loc":{"start":{"line":50,"column":2},"end":{"line":50,"column":null}},"type":"if","locations":[{"start":{"line":50,"column":2},"end":{"line":50,"column":null}},{"start":{},"end":{}}],"line":50},"4":{"loc":{"start":{"line":51,"column":2},"end":{"line":51,"column":null}},"type":"if","locations":[{"start":{"line":51,"column":2},"end":{"line":51,"column":null}},{"start":{},"end":{}}],"line":51},"5":{"loc":{"start":{"line":52,"column":2},"end":{"line":52,"column":null}},"type":"if","locations":[{"start":{"line":52,"column":2},"end":{"line":52,"column":null}},{"start":{},"end":{}}],"line":52},"6":{"loc":{"start":{"line":69,"column":9},"end":{"line":69,"column":null}},"type":"binary-expr","locations":[{"start":{"line":69,"column":9},"end":{"line":69,"column":24}},{"start":{"line":69,"column":
[...]
column":null}}],"line":41},"4":{"loc":{"start":{"line":42,"column":22},"end":{"line":42,"column":null}},"type":"binary-expr","locations":[{"start":{"line":42,"column":22},"end":{"line":42,"column":47}},{"start":{"line":42,"column":47},"end":{"line":42,"column":null}}],"line":42},"5":{"loc":{"start":{"line":44,"column":21},"end":{"line":44,"column":null}},"type":"binary-expr","locations":[{"start":{"line":44,"column":21},"end":{"line":44,"column":55}},{"start":{"line":44,"column":55},"end":{"line":44,"column":null}}],"line":44},"6":{"loc":{"start":{"line":45,"column":23},"end":{"line":45,"column":null}},"type":"binary-expr","locations":[{"start":{"line":45,"column":23},"end":{"line":45,"column":59}},{"start":{"line":45,"column":59},"end":{"line":45,"column":null}}],"line":45},"7":{"loc":{"start":{"line":46,"column":21},"end":{"line":46,"column":null}},"type":"binary-expr","locations":[{"start":{"line":46,"column":21},"end":{"line":46,"column":55}},{"start":{"line":46,"column":55},"end":{"line":46,"column":null}}],"line":46},"8":{"loc":{"start":{"line":49,"column":19},"end":{"line":49,"column":null}},"type":"binary-expr","locations":[{"start":{"line":49,"column":19},"end":{"line":49,"column":41}},{"start":{"line":49,"column":41},"end":{"line":49,"column":null}}],"line":49},"9":{"loc":{"start":{"line":50,"column":22},"end":{"line":50,"column":null}},"type":"binary-expr","locations":[{"start":{"line":50,"column":22},"end":{"line":50,"column":47}},{"start":{"line":50,"column":47},"end":{"line":50,"column":null}}],"line":50}},"s":{"0":3,"1":3,"2":3,"3":3,"4":3,"5":3,"6":3,"7":3,"8":3,"9":2,"10":2},"f":{"0":3},"b":{"0":[3,1],"1":[2,1],"2":[3,3],"3":[3,0],"4":[3,0],"5":[3,0],"6":[3,0],"7":[3,0],"8":[3,0],"9":[3,0]},"meta":{"lastBranch":10,"lastFunction":1,"lastStatement":11,"seen":{"s:4:22:4:Infinity":0,"f:16:22:16:35":0,"s:17:20:17:Infinity":1,"s:18:18:18:Infinity":2,"b:18:18:18:41:18:41:18:Infinity":0,"s:19:22:19:Infinity":3,"s:21:21:28:Infinity":4,"b:23:43:23:102:23:102:23:104":1,"b:24:17:24:37:24:37:24:46":2,"s:31:14:36:Infinity":5,"s:38:2:66:Infinity":6,"s:39:19:39:Infinity":7,"s:40:4:51:Infinity":8,"b:41:17:41:37:41:37:41:Infinity":3,"b:42:22:42:47:42:47:42:Infinity":4,"b:44:21:44:55:44:55:44:Infinity":5,"b:45:23:45:59:45:59:45:Infinity":6,"b:46:21:46:55:46:55:46:Infinity":7,"b:49:19:49:41:49:41:49:Infinity":8,"b:50:22:50:47:50:47:50:Infinity":9,"s:54:23:54:Infinity":9,"s:55:4:65:Infinity":10}}}
,"/Users/kennethphang/Projects/WriteRight-SG/packages/ai/src/writing-assistant/coach.ts": {"path":"/Users/kennethphang/Projects/WriteRight-SG/packages/ai/src/writing-assistant/coach.ts","statementMap":{"0":{"start":{"line":4,"column":21},"end":{"line":4,"column":null}},"1":{"start":{"line":8,"column":4},"end":{"line":12,"column":null}},"2":{"start":{"line":14,"column":2},"end":{"line":26,"column":null}},"3":{"start":{"line":32,"column":23},"end":{"line":32,"column":null}},"4":{"start":{"line":32,"column":49},"end":{"line":32,"column":69}},"5":{"start":{"line":34,"column":2},"end":{"line":40,"column":null}},"6":{"start":{"line":35,"column":4},"end":{"line":39,"column":null}},"7":{"start":{"line":42,"column":8},"end":{"line":42,"column":null}},"8":{"start":{"line":44,"column":86},"end":{"line":46,"column":null}},"9":{"start":{"line":49,"column":2},"end":{"line":58,"column":null}},"10":{"start":{"line":50,"column":4},"end":{"line":53,"column":null}},"11":{"start":{"line":54,"column":4},"end":{"line":57,"column":null}},"12":{"start":{"line":61,"column":2},"end":{"line":66,"column":null}},"13":{"start":{"line":62,"column":4},"end":{"line":65,"column":null}},"14":{"start":{"line":69,"column":2},"end":{"line":69,"column":null}},"15":{"start":{"line":71,"column":19},"end":{"line":76,"column":null}},"16":{"start":{"line":78,"column":2},"end":{"line":81,"column":null}}},"fnMap":{"0":{"name":"buildSystemPrompt","decl":{"start":{"line":6,"column":9},"end":{"line":6,"column":27}},"loc":{"start":{"line":6,"column":54},"end":{"line":29,"column":null}},"line":6},"1":{"name":"chatWithCoach","decl":{"start":{"line":31,"column":22},"end":{"line":31,"column":36}},"loc":{"start":{"line":31,"column":79},"end":{"line":82,"column":null}},"line":31},"2":{"name":"(anonymous_2)","decl":{"start":{"line":32,"column":42},"end":{"line":32,"column":43}},"loc":{"start":{"line":32,"column":49},"end":{"line":32,"column":69}},"line":32}},"branchMap":{"0":{"loc":{"start":{"line":8,"column":4},"end":{"line":12,"column":null}},"type":"cond-expr","locations":[{"start":{"line":9,"column":8},"end":{"line":9,"column":null}},{"start":{"line":10,"column":8},"end":{"line":12,"column":null}}],"line":8},"1":{"loc":{"start":{"line":10,"column":8},"end":{"line":12,"column":null}},"type":"cond-expr","locations":[{"start":{"line":11,"column":10},"end":{"line":11,"column":null}},{"start":{"line":12,"column":10},"end":{"line":12,"column":null}}],"line":10},"2":{"loc":{"start":{"line":19,"column":19},"end":{"line":19,"column":48}},"type":"binary-expr","locations":[{"start":{"line":19,"column":19},"end":{"line":19,"column":39}},{"start":{"line":19,"column":39},"end":{"line":19,"column":48}}],"line":19},"3":{"loc":{"start":{"line":34,"column":2},"end":{"line":40,"column":null}},"type":"if","locations":[{"start":{"line":34,"column":2},"end":{"line":40,"column":null}},{"start":{},"end":{}}],"line":34},"4":{"loc":{"start":{"line":49,"column":2},"end":{"line":58,"column":null}},"type":"if","locations":[{"start":{"line":49,"column":2},"end":{"line":58,"column":null}},{"start":{},"end":{}}],"line":49},"5":{"loc":{"start":{"line":63,"column":12},"end":{"line":63,"column":null}},"type":"cond-expr","locations":[{"start":{"line":63,"column":37},"end":{"line":63,"column":46}},{"start":{"line":63,"column":46},"end":{"line":63,"column":null}}],"line":63},"6":{"loc":{"start":{"line":79,"column":14},"end":{"line":79,"column":null}},"type":"binary-expr","locations":[{"start":{"line":79,"column":14},"end":{"line":79,"column":55}},{"start":{"line":79,"column":55},"end":{"line":79,"column":null}}],"line":79}},"s":{"0":1,"1":4,"2":4,"3":5,"4":15,"5":5,"6":1,"7":4,"8":4,"9":4,"10":2,"11":2,"12":4,"13":0,"14":4,"15":4,"16":4},"f":{"0":4,"1":5,"2":15},"b":{"0":[1,3],"1":[0,3],"2":[4,3],"3":[1,4],"4":[2,2],"5":[0,0],"6":[4,1]},"meta":{"lastBranch":7,"lastFunction":3,"lastStatement":17,"seen":{"s:4:21:4:Infinity":0,"f:6:9:6:27":0,"s:8:4:12:Infinity":1,"b:9:8:9:Infinity:10:8:12:Infinity":0,"b:11:10:11:Infinity:12:10:12:Infinity":1,"s:14:2:26:Infinity":2,"b:19:19:19:39:19:39:19:48":2,"f:31:22:31:36":1,"s:32:23:32:Infinity":3,"f:32:42:32:43":2,"s:32:49:32:69":4,"b:34:2:40:Infinity:undefined:undefined:undefined:undefined":3,"s:34:2:40:Infinity":5,"s:35:4:39:Infinity":6,"s:42:8:42:Infinity":7,"s:44:86:46:Infinity":8,"b:49:2:58:Infinity:undefined:undefined:undefined:undefined":4,"s:49:2:58:Infinity":9,"s:50:4:53:Infinity":10,"s:54:4:57:Infinity":11,"s:61:2:66:Infinity":12,"s:62:4:65:Infinity":13,"b:63:37:63:46:63:46:63:Infinity":5,"s:69:2:69:Infinity":14,"s:71:19:76:Infinity":15,"s:78:2:81:Infinity":16,"b:79:14:79:55:79:55:79:Infinity":6}}}
,"/Users/kennethphang/Projects/WriteRight-SG/packages/ai/src/writing-assistant/grammar-checker.ts": {"path":"/Users/kennethphang/Projects/WriteRight-SG/packages/ai/src/writing-assistant/grammar-checker.ts","statementMap":{"0":{"start":{"line":4,"column":22},"end":{"line":4,"column":null}},"1":{"start":{"line":27,"column":2},"end":{"line":29,"column":null}},"2":{"start":{"line":28,"column":4},"end":{"line":28,"column":null}},"3":{"start":{"line":31,"column":21},"end":{"line":31,"column":null}},"4":{"start":{"line":33,"column":14},"end":{"line":38,"column":null}},"5":{"start":{"line":40,"column":2},"end":{"line":65,"column":null}},"6":{"start":{"line":41,"column":19},"end":{"line":41,"column":null}},"7":{"start":{"line":42,"column":10},"end":{"line":60,"column":null}},"8":{"start":{"line":45,"column":10},"end":{"line":49,"column":null}},"9":{"start":{"line":51,"column":24},"end":{"line":60,"column":8}},"10":{"start":{"line":62,"column":4},"end":{"line":62,"column":null}},"11":{"start":{"line":64,"column":4},"end":{"line":64,"column":null}}},"fnMap":{"0":{"name":"checkGrammar","decl":{"start":{"line":26,"column":22},"end":{"line":26,"column":35}},"loc":{"start":{"line":26,"column":90},"end":{"line":66,"column":null}},"line":26},"1":{"name":"(anonymous_1)","decl":{"start":{"line":44,"column":8},"end":{"line":44,"column":9}},"loc":{"start":{"line":45,"column":10},"end":{"line":49,"column":null}},"line":45},"2":{"name":"(anonymous_2)","decl":{"start":{"line":51,"column":11},"end":{"line":51,"column":12}},"loc":{"start":{"line":51,"column":24},"end":{"line":60,"column":8}},"line":51}},"branchMap":{"0":{"loc":{"start":{"line":27,"column":2},"end":{"line":29,"column":null}},"type":"if","locations":[{"start":{"line":27,"column":2},"end":{"line":29,"column":null}},{"start":{},"end":{}}],"line":27},"1":{"loc":{"start":{"line":27,"column":6},"end":{"line":27,"column":48}},"type":"binary-expr","locations":[{"start":{"line":27,"column":6},"end":{"line":27,"column":19}},{"start":{"line":27,"column":19},"end":{"line":27,"column":48}}],"line":27},"2":{"loc":{"start":{"line":31,"column":35},"end":{"line":31,"column":59}},"type":"binary-expr","locations":[{"start":{"line":31,"column":35},"end":{"line":31,"column":52}},{"start":{"line":31,"column":52},"end":{"line":31,"column":59}}],"line":31},"3":{"loc":{"start":{"line":42,"column":46},"end":{"line":42,"column":null}},"type":"binary-expr","locations":[{"start":{"line":42,"column":46},"end":{"line":42,"column":68}},{"start":{"line":42,"column":68},"end":{"line":42,"column":null}}],"line":42},"4":{"loc":{"start":{"line":45,"column":10},"end":{"line":49,"column":null}},"type":"binary-expr","locations":[{"start":{"line":45,"column":10},"end":{"line":45,"column":null}},{"start":{"line":46,"column":10},"end":{"line":46,"column":null}},{"start":{"line":47,"column":10},"end":{"line":47,"column":null}},{"start":{"line":48,"column":10},"end":{"line":48,"column":null}},{"start":{"line":49,"column":10},"end":{"line":49,"column":null}}],"line":45},"5":{"loc":{"start":{"line":54,"column":18},"end":{"line":56,"column":null}},"type":"cond-expr","locations":[{"start":{"line":55,"column":12},"end":{"line":55,"column":null}},{"start":{"line":56,"column":12},"end":{"line":56,"column":null}}],"line":54},"6":{"loc":{"start":{"line":59,"column":21},"end":{"line":59,"column":null}},"type":"binary-expr","locations":[{"start":{"line":59,"column":21},"end":{"line":59,"column":38}},{"start":{"line":59,"column":38},"end":{"line":59,"column":null}}],"line":59}},"s":{"0":6,"1":6,"2":2,"3":4,"4":6,"5":4,"6":4,"7":4,"8":6,"9":4,"10":6,"11":1},"f":{"0":6,"1":6,"2":4},"b":{"0":[2,4],"1":[6,5],"2":[4,3],"3":[4,0],"4":[6,6,6,5,4],"5":[3,1],"6":[4,0]},"meta":{"lastBranch":7,"lastFunction":3,"lastStatement":12,"seen":{"s:4:22:4:Infinity":0,"f:26:22:26:35":0,"b:27:2:29:Infinity:undefined:undefined:undefined:undefined":0,"s:27:2:29:Infinity":1,"b:27:6:27:19:27:19:27:48":1,"s:28:4:28:Infinity":2,"s:31:21:31:Infinity":3,"b:31:35:31:52:31:52:31:59":2,"s:33:14:38:Infinity":4,"s:40:2:65:Infinity":5,"s:41:19:41:Infinity":6,"s:42:10:60:Infinity":7,"b:42:46:42:68:42:68:42:Infinity":3,"f:44:8:44:9":1,"s:45:10:49:Infinity":8,"b:45:10:45:Infinity:46:10:46:Infinity:47:10:47:Infinity:48:10:48:Infinity:49:10:49:Infinity":4,"f:51:11:51:12":2,"s:51:24:60:8":9,"b:55:12:55:Infinity:56:12:56:Infinity":5,"b:59:21:59:38:59:38:59:Infinity":6,"s:62:4:62:Infinity":10,"s:64:4:64:Infinity":11}}}
,"/Users/kennethphang/Projects/WriteRight-SG/packages/ai/src/writing-assistant/live-scorer.ts": {"path":"/Users/kennethphang/Projects/WriteRight-SG/packages/ai/src/writing-assistant/live-scorer.ts","statementMap":{"0":{"start":{"line":4,"column":17},"end":{"line":4,"column":null}},"1":{"start":{"line":5,"column":23},"end":{"line":5,"column":null}},"2":{"start":{"line":8,"column":15},"end":{"line":8,"column":null}},"3":{"start":{"line":10,"column":17},"end":{"line":17,"column":null}},"4":{"start":{"line":35,"column":15},"end":{"line":40,"column":null}},"5":{"start":{"line":43,"column":2},"end":{"line":43,"column":null}},"6":{"start":{"line":47,"column":25},"end":{"line":47,"column":null}},"7":{"start":{"line":49,"column":2},"end":{"line":60,"column":null}},"8":{"start":{"line":50,"column":4},"end":{"line":59,"column":null}},"9":{"start":{"line":62,"column":27},"end":{"line":62,"column":null}},"10":{"start":{"line":64,"column":14},"end":{"line":69,"column":null}},"11":{"start":{"line":71,"column":2},"end":{"line":104,"column":null}},"12":{"start":{"line":72,"column":19},"end":{"line":72,"column":null}},"13":{"start":{"line":73,"column":4},"end":{"line":92,"column":null}},"14":{"start":{"line":77,"column":61},"end":{"line":83,"column":8}},"15":{"start":{"line":84,"column":65},"end":{"line":88,"column":8}},"16":{"start":{"line":94,"column":4},"end":{"line":103,"column":null}}},"fnMap":{"0":{"name":"buildPrompt","decl":{"start":{"line":7,"column":9},"end":{"line":7,"column":21}},"loc":{"start":{"line":7,"column":78},"end":{"line":44,"column":null}},"line":7},"1":{"name":"scoreLive","decl":{"start":{"line":46,"column":22},"end":{"line":46,"column":32}},"loc":{"start":{"line":46,"column":81},"end":{"line":105,"column":null}},"line":46},"2":{"name":"(anonymous_2)","decl":{"start":{"line":77,"column":48},"end":{"line":77,"column":49}},"loc":{"start":{"line":77,"column":61},"end":{"line":83,"column":8}},"line":77},"3":{"name":"(anonymous_3)","decl":{"start":{"line":84,"column":52},"end":{"line":84,"column":53}},"loc":{"start":{"line":84,"column":65},"end":{"line":88,"column":8}},"line":84}},"branchMap":{"0":{"loc":{"start":{"line":13,"column":2},"end":{"line":15,"column":null}},"type":"cond-expr","locations":[{"start":{"line":13,"column":9},"end":{"line":13,"column":null}},{"start":{"line":15,"column":84},"end":{"line":15,"column":null}}],"line":13},"1":{"loc":{"start":{"line":49,"column":2},"end":{"line":60,"column":null}},"type":"if","locations":[{"start":{"line":49,"column":2},"end":{"line":60,"column":null}},{"start":{},"end":{}}],"line":49},"2":{"loc":{"start":{"line":49,"column":6},"end":{"line":49,"column":48}},"type":"binary-expr","locations":[{"start":{"line":49,"column":6},"end":{"line":49,"column":19}},{"start":{"line":49,"column":19},"end":{"line":49,"column":48}}],"line":49},"3":{"loc":{"start":{"line":57,"column":21},"end":{"line":57,"column":null}},"type":"binary-expr","locations":[{"start":{"line":57,"column":21},"end":{"line":57,"column":42}},{"start":{"line":57,"column":42},"end":{"line":57,"column":null}}],"line":57},"4":{"loc":{"start":{"line":74,"column":18},"end":{"line":74,"column":null}},"type":"binary-expr","locations":[{"start":{"line":74,"column":18},"end":{"line":74,"column":39}},{"start":{"line":74,"column":39},"end":{"line":74,"column":null}}],"line":74},"5":{"loc":{"start":{"line":75,"column":16},"end":{"line":75,"column":null}},"type":"binary-expr","locations":[{"start":{"line":75,"column":16},"end":{"line":75,"column":35}},{"start":{"line":75,"column":35},"end":{"line":75,"column":null}}],"line":75},"6":{"loc":{"start":{"line":76,"column":12},"end":{"line":76,"column":null}},"type":"binary-expr","locations":[{"start":{"line":76,"column":12},"end":{"line":76,"column":27}},{"start":{"line":76,"column":27},"end":{"line":76,"column":null}}],"line":76},"7":{"loc":{"start":{"line":77,"column":19},"end":{"line":77,"column":44}},"type":"binary-expr","locations":[{"start":{"line":77,"column":19},"end":{"line":77,"column":40}},{"start":{"line":77,"column":40},"end":{"line":77,"column":44}}],"line":77},"8":{"loc":{"start":{"line":78,"column":14},"end":{"line":78,"column":null}},"type":"binary-expr","locations":[{"start":{"line":78,"column":14},"end":{"line":78,"column":24}},{"start":{"line":78,"column":24},"end":{"line":78,"column":null}}],"line":78},"9":{"loc":{"start":{"line":79,"column":15},"end":{"line":79,"column":null}},"type":"binary-expr","locations":[{"start":{"line":79,"column":15},"end":{"line":79,"column":26}},{"start":{"line":79,"column":26},"end":{"line":79,"column":null}}],"line":79},"10":{"loc":{"start":{"line":80,"column":18},"end":{"line":80,"column":null}},"type":"binary-expr","locations":[{"start":{"line":80,"column":18},"end":{"line":80,"column":32}},{"start":{"line":80,"column":32},"end":{"line":80,"column":null}}],"line":80},"11":{"loc":{"start":{"line":81,"column":16},"end":{"line":81,"column":null}},"type":"binary-expr","locations":[{"start":{"line":81,"column":16},"end":{"line":81,"column":28}},{"start":{"line":81,"column":28},"end":{"line":81,"column":null}}],"line":81},"12":{"loc":{"start":{"line":82,"column":17},"end":{"line":82,"column":null}},"type":"binary-expr","locations":[{"start":{"line":82,"column":17},"end":{"line":82,"column":30}},{"start":{"line":82,"column":30},"end":{"line":82,"column":null}}],"line":82},"13":{"loc":{"start":{"line":84,"column":21},"end":{"line":84,"column":48}},"type":"binary-expr","locations":[{"start":{"line":84,"column":21},"end":{"line":84,"column":44}},{"start":{"line":84,"column":44},"end":{"line":84,"column":48}}],"line":84},"14":{"loc":{"start":{"line":85,"column":19},"end":{"line":85,"column":null}},"type":"binary-expr","locations":[{"start":{"line":85,"column":19},"end":{"line":85,"column":34}},{"start":{"line":85,"column":34},"end":{"line":85,"column":null}}],"line":85},"15":{"loc":{"start":{"line":86,"column":13},"end":{"line":86,"column":null}},"type":"binary-expr","locations":[{"start":{"line":86,"column":13},"end":{"line":86,"column":22}},{"start":{"line":86,"column":22},"end":{"line":86,"column":null}}],"line":86},"16":{"loc":{"start":{"line":87,"column":23},"end":{"line":87,"column":null}},"type":"binary-expr","locations":[{"start":{"line":87,"column":23},"end":{"line":87,"column":42}},{"start":{"line":87,"column":42},"end":{"line":87,"column":null}}],"line":87},"17":{"loc":{"start":{"line":90,"column":21},"end":{"line":90,"column":null}},"type":"binary-expr","locations":[{"start":{"line":90,"column":21},"end":{"line":90,"column":42}},{"start":{"line":90,"column":42},"end":{"line":90,"column":null}}],"line":90},"18":{"loc":{"start":{"line":101,"column":21},"end":{"line":101,"column":null}},"type":"binary-expr","locations":[{"start":{"line":101,"column":21},"end":{"line":101,"column":42}},{"start":{"line":101,"column":42},"end":{"line":101,"column":null}}],"line":101}},"s":{"0":6,"1":6,"2":4,"3":4,"4":4,"5":4,"6":6,"7":6,"8":2,"9":4,"10":4,"11":4,"12":4,"13":4,"14":3,"15":1,"16":1},"f":{"0":4,"1":6,"2":3,"3":1},"b":{"0":[2,2],"1":[2,4],"2":[6,5],"3":[2,2],"4":[4,0],"5":[6,2],"6":[6,0],"7":[6,0],"8":[3,0],"9":[3,0],"10":[3,0],"11":[3,0],"12":[3,0],"13":[6,0],"14":[1,0],"15":[1,0],"16":[1,0],"17":[6,2],"18":[1,1]},"meta":{"lastBranch":19,"lastFunction":4,"lastStatement":17,"seen":{"s:4:17:4:Infinity":0,"s:5:23:5:Infinity":1,"f:7:9:7:21":0,"s:8:15:8:Infinity":2,"s:10:17:17:Infinity":3,"b:13:9:13:Infinity:15:84:15:Infinity":0,"s:35:15:40:Infinity":4,"s:43:2:43:Infinity":5,"f:46:22:46:32":1,"s:47:25:47:Infinity":6,"b:49:2:60:Infinity:undefined:undefined:undefined:undefined":1,"s:49:2:60:Infinity":7,"b:49:6:49:19:49:19:49:48":2,"s:50:4:59:Infinity":8,"b:57:21:57:42:57:42:57:Infinity":3,"s:62:27:62:Infinity":9,"s:64:14:69:Infinity":10,"s:71:2:104:Infinity":11,"s:72:19:72:Infinity":12,"s:73:4:92:Infinity":13,"b:74:18:74:39:74:39:74:Infinity":4,"b:75:16:75:35:75:35:75:Infinity":5,"b:76:12:76:27:76:27:76:Infinity":6,"b:77:19:77:40:77:40:77:44":7,"f:77:48:77:49":2,"s:77:61:83:8":14,"b:78:14:78:24:78:24:78:Infinity":8,"b:79:15:79:26:79:26:79:Infinity":9,"b:80:18:80:32:80:32:80:Infinity":10,"b:81:16:81:28:81:28:81:Infinity":11,"b:82:17:82:30:82:30:82:Infinity":12,"b:84:21:84:44:84:44:84:48":13,"f:84:52:84:53":3,"s:84:65:88:8":15,"b:85:19:85:34:85:34:85:Infinity":14,"b:86:13:86:22:86:22:86:Infinity":15,"b:87:23:87:42:87:42:87:Infinity":16,"b:90:21:90:42:90:42:90:Infinity":17,"s:94:4:103:Infinity":16,"b:101:21:101:42:101:42:101:Infinity":18}}}
}
